[debug] [2020-11-07T15:06:07.945Z] ----------------------------------------------------------------------
[debug] [2020-11-07T15:06:07.954Z] Command:       C:\Users\Lenovo\AppData\Roaming\npm\node_modules\node\bin\node.exe C:\Users\Lenovo\AppData\Roaming\npm\node_modules\firebase-tools\lib\bin\firebase.js emulators:start
[debug] [2020-11-07T15:06:07.956Z] CLI Version:   8.15.1
[debug] [2020-11-07T15:06:07.956Z] Platform:      win32
[debug] [2020-11-07T15:06:07.957Z] Node Version:  v14.4.0
[debug] [2020-11-07T15:06:07.962Z] Time:          Sat Nov 07 2020 20:36:07 GMT+0530 (India Standard Time)
[debug] [2020-11-07T15:06:07.962Z] ----------------------------------------------------------------------
[debug] [2020-11-07T15:06:07.963Z] 
[debug] [2020-11-07T15:06:08.020Z] > command requires scopes: ["email","openid","https://www.googleapis.com/auth/cloudplatformprojects.readonly","https://www.googleapis.com/auth/firebase","https://www.googleapis.com/auth/cloud-platform"]
[debug] [2020-11-07T15:06:08.022Z] > authorizing via signed-in user
[info] i  emulators: Starting emulators: functions {"metadata":{"emulator":{"name":"hub"},"message":"Starting emulators: functions"}}
[warn] !  emulators: It seems that you are running multiple instances of the emulator suite for project clone-e5240. This may result in unexpected behavior. 
[debug] [2020-11-07T15:06:10.209Z] [hub] writing locator at C:\Users\Lenovo\AppData\Local\Temp\hub-clone-e5240.json
[warn] !  functions: The following emulators are not running, calls to these services from the Functions emulator will affect production: auth, firestore, database, hosting, pubsub {"metadata":{"emulator":{"name":"functions"},"message":"The following emulators are not running, calls to these services from the Functions emulator will affect production: \u001b[1mauth, firestore, database, hosting, pubsub\u001b[22m"}}
[warn] !  Your requested "node" version "12" doesn't match your global version "14" {"metadata":{"emulator":{"name":"functions"},"message":"Your requested \"node\" version \"12\" doesn't match your global version \"14\""}}
[debug] [2020-11-07T15:06:12.358Z] defaultcredentials: writing to file C:\Users\Lenovo\AppData\Roaming\firebase\pragyaspremise_gmail_com_application_default_credentials.json
[debug] [2020-11-07T15:06:12.370Z] Setting GAC to C:\Users\Lenovo\AppData\Roaming\firebase\pragyaspremise_gmail_com_application_default_credentials.json {"metadata":{"emulator":{"name":"functions"},"message":"Setting GAC to C:\\Users\\Lenovo\\AppData\\Roaming\\firebase\\pragyaspremise_gmail_com_application_default_credentials.json"}}
[debug] [2020-11-07T15:06:17.000Z] Ignoring unsupported arg: auto_download {"metadata":{"emulator":{"name":"ui"},"message":"Ignoring unsupported arg: auto_download"}}
[debug] [2020-11-07T15:06:17.001Z] Ignoring unsupported arg: port {"metadata":{"emulator":{"name":"ui"},"message":"Ignoring unsupported arg: port"}}
[debug] [2020-11-07T15:06:17.001Z] Starting Emulator UI with command {"binary":"node","args":["C:\\Users\\Lenovo\\.cache\\firebase\\emulators\\ui-v1.2.2\\server.bundle.js"],"optionalArgs":[],"joinArgs":false} {"metadata":{"emulator":{"name":"ui"},"message":"Starting Emulator UI with command {\"binary\":\"node\",\"args\":[\"C:\\\\Users\\\\Lenovo\\\\.cache\\\\firebase\\\\emulators\\\\ui-v1.2.2\\\\server.bundle.js\"],\"optionalArgs\":[],\"joinArgs\":false}"}}
[info] i  ui: Emulator UI logging to ui-debug.log {"metadata":{"emulator":{"name":"ui"},"message":"Emulator UI logging to \u001b[1mui-debug.log\u001b[22m"}}
[debug] [2020-11-07T15:06:17.937Z] Web / API server started at http://localhost:4000
 {"metadata":{"emulator":{"name":"ui"},"message":"Web / API server started at http://localhost:4000\n"}}
[info] i  functions: Watching "E:\Users\Projects\MERN\amazon-clone\functions" for Cloud Functions... {"metadata":{"emulator":{"name":"functions"},"message":"Watching \"E:\\Users\\Projects\\MERN\\amazon-clone\\functions\" for Cloud Functions..."}}
[debug] [2020-11-07T15:06:18.114Z] [worker-pool] addWorker(~diagnostic~) {"metadata":{"emulator":{"name":"functions"},"message":"[worker-pool] addWorker(~diagnostic~)"}}
[debug] [2020-11-07T15:06:18.115Z] [worker-pool] Adding worker with key ~diagnostic~, total=1 {"metadata":{"emulator":{"name":"functions"},"message":"[worker-pool] Adding worker with key ~diagnostic~, total=1"}}
[debug] [2020-11-07T15:06:18.115Z] [worker-pool] submitWork(triggerId=) {"metadata":{"emulator":{"name":"functions"},"message":"[worker-pool] submitWork(triggerId=)"}}
[debug] [2020-11-07T15:06:18.116Z] [worker-~diagnostic~-1e63297c-d39e-4310-be85-4fd035e28485]: Assigning socketPath: \\?\pipe\E:\Users\Projects\MERN\amazon-clone\functions\8836 {"metadata":{"emulator":{"name":"functions"},"message":"[worker-~diagnostic~-1e63297c-d39e-4310-be85-4fd035e28485]: Assigning socketPath: \\\\?\\pipe\\E:\\Users\\Projects\\MERN\\amazon-clone\\functions\\8836"}}
[debug] [2020-11-07T15:06:18.117Z] [worker-~diagnostic~-1e63297c-d39e-4310-be85-4fd035e28485]: BUSY {"metadata":{"emulator":{"name":"functions"},"message":"[worker-~diagnostic~-1e63297c-d39e-4310-be85-4fd035e28485]: BUSY"}}
[debug] [2020-11-07T15:06:19.782Z] [runtime-status] [8836] Functions runtime initialized. {"cwd":"E:\\Users\\Projects\\MERN\\amazon-clone\\functions","node_version":"14.4.0"} {"metadata":{"emulator":{"name":"functions"},"message":"[runtime-status] [8836] Functions runtime initialized. {\"cwd\":\"E:\\\\Users\\\\Projects\\\\MERN\\\\amazon-clone\\\\functions\",\"node_version\":\"14.4.0\"}"}}
[debug] [2020-11-07T15:06:19.787Z] [runtime-status] [8836] Disabled runtime features: undefined {"metadata":{"emulator":{"name":"functions"},"message":"[runtime-status] [8836] Disabled runtime features: undefined"}}
[debug] [2020-11-07T15:06:19.798Z] [runtime-status] [8836] Resolved module firebase-admin {"declared":true,"installed":true,"version":"9.3.0","resolution":"E:\\Users\\Projects\\MERN\\amazon-clone\\functions\\node_modules\\firebase-admin\\lib\\index.js"} {"metadata":{"emulator":{"name":"functions"},"message":"[runtime-status] [8836] Resolved module firebase-admin {\"declared\":true,\"installed\":true,\"version\":\"9.3.0\",\"resolution\":\"E:\\\\Users\\\\Projects\\\\MERN\\\\amazon-clone\\\\functions\\\\node_modules\\\\firebase-admin\\\\lib\\\\index.js\"}"}}
[debug] [2020-11-07T15:06:19.801Z] [runtime-status] [8836] Resolved module firebase-functions {"declared":true,"installed":true,"version":"3.11.0","resolution":"E:\\Users\\Projects\\MERN\\amazon-clone\\functions\\node_modules\\firebase-functions\\lib\\index.js"} {"metadata":{"emulator":{"name":"functions"},"message":"[runtime-status] [8836] Resolved module firebase-functions {\"declared\":true,\"installed\":true,\"version\":\"3.11.0\",\"resolution\":\"E:\\\\Users\\\\Projects\\\\MERN\\\\amazon-clone\\\\functions\\\\node_modules\\\\firebase-functions\\\\lib\\\\index.js\"}"}}
[debug] [2020-11-07T15:06:19.806Z] [runtime-status] [8836] Resolved module firebase-functions {"declared":true,"installed":true,"version":"3.11.0","resolution":"E:\\Users\\Projects\\MERN\\amazon-clone\\functions\\node_modules\\firebase-functions\\lib\\index.js"} {"metadata":{"emulator":{"name":"functions"},"message":"[runtime-status] [8836] Resolved module firebase-functions {\"declared\":true,\"installed\":true,\"version\":\"3.11.0\",\"resolution\":\"E:\\\\Users\\\\Projects\\\\MERN\\\\amazon-clone\\\\functions\\\\node_modules\\\\firebase-functions\\\\lib\\\\index.js\"}"}}
[debug] [2020-11-07T15:06:19.813Z] [runtime-status] [8836] Outgoing network have been stubbed. [{"name":"http","status":"mocked"},{"name":"http","status":"mocked"},{"name":"https","status":"mocked"},{"name":"https","status":"mocked"},{"name":"net","status":"mocked"}] {"metadata":{"emulator":{"name":"functions"},"message":"[runtime-status] [8836] Outgoing network have been stubbed. [{\"name\":\"http\",\"status\":\"mocked\"},{\"name\":\"http\",\"status\":\"mocked\"},{\"name\":\"https\",\"status\":\"mocked\"},{\"name\":\"https\",\"status\":\"mocked\"},{\"name\":\"net\",\"status\":\"mocked\"}]"}}
[debug] [2020-11-07T15:06:19.814Z] [runtime-status] [8836] Resolved module firebase-functions {"declared":true,"installed":true,"version":"3.11.0","resolution":"E:\\Users\\Projects\\MERN\\amazon-clone\\functions\\node_modules\\firebase-functions\\lib\\index.js"} {"metadata":{"emulator":{"name":"functions"},"message":"[runtime-status] [8836] Resolved module firebase-functions {\"declared\":true,\"installed\":true,\"version\":\"3.11.0\",\"resolution\":\"E:\\\\Users\\\\Projects\\\\MERN\\\\amazon-clone\\\\functions\\\\node_modules\\\\firebase-functions\\\\lib\\\\index.js\"}"}}
[debug] [2020-11-07T15:06:19.969Z] [runtime-status] [8836] Checked functions.config() {"config":{}} {"metadata":{"emulator":{"name":"functions"},"message":"[runtime-status] [8836] Checked functions.config() {\"config\":{}}"}}
[debug] [2020-11-07T15:06:19.970Z] [runtime-status] [8836] firebase-functions has been stubbed. {"functionsResolution":{"declared":true,"installed":true,"version":"3.11.0","resolution":"E:\\Users\\Projects\\MERN\\amazon-clone\\functions\\node_modules\\firebase-functions\\lib\\index.js"}} {"metadata":{"emulator":{"name":"functions"},"message":"[runtime-status] [8836] firebase-functions has been stubbed. {\"functionsResolution\":{\"declared\":true,\"installed\":true,\"version\":\"3.11.0\",\"resolution\":\"E:\\\\Users\\\\Projects\\\\MERN\\\\amazon-clone\\\\functions\\\\node_modules\\\\firebase-functions\\\\lib\\\\index.js\"}}"}}
[debug] [2020-11-07T15:06:19.974Z] [runtime-status] [8836] Resolved module firebase-functions {"declared":true,"installed":true,"version":"3.11.0","resolution":"E:\\Users\\Projects\\MERN\\amazon-clone\\functions\\node_modules\\firebase-functions\\lib\\index.js"} {"metadata":{"emulator":{"name":"functions"},"message":"[runtime-status] [8836] Resolved module firebase-functions {\"declared\":true,\"installed\":true,\"version\":\"3.11.0\",\"resolution\":\"E:\\\\Users\\\\Projects\\\\MERN\\\\amazon-clone\\\\functions\\\\node_modules\\\\firebase-functions\\\\lib\\\\index.js\"}"}}
[debug] [2020-11-07T15:06:19.984Z] [runtime-status] [8836] Resolved module firebase-admin {"declared":true,"installed":true,"version":"9.3.0","resolution":"E:\\Users\\Projects\\MERN\\amazon-clone\\functions\\node_modules\\firebase-admin\\lib\\index.js"} {"metadata":{"emulator":{"name":"functions"},"message":"[runtime-status] [8836] Resolved module firebase-admin {\"declared\":true,\"installed\":true,\"version\":\"9.3.0\",\"resolution\":\"E:\\\\Users\\\\Projects\\\\MERN\\\\amazon-clone\\\\functions\\\\node_modules\\\\firebase-admin\\\\lib\\\\index.js\"}"}}
[debug] [2020-11-07T15:06:19.989Z] [runtime-status] [8836] Resolved module firebase-functions {"declared":true,"installed":true,"version":"3.11.0","resolution":"E:\\Users\\Projects\\MERN\\amazon-clone\\functions\\node_modules\\firebase-functions\\lib\\index.js"} {"metadata":{"emulator":{"name":"functions"},"message":"[runtime-status] [8836] Resolved module firebase-functions {\"declared\":true,\"installed\":true,\"version\":\"3.11.0\",\"resolution\":\"E:\\\\Users\\\\Projects\\\\MERN\\\\amazon-clone\\\\functions\\\\node_modules\\\\firebase-functions\\\\lib\\\\index.js\"}"}}
[debug] [2020-11-07T15:06:19.993Z] [runtime-status] [8836] firebase-admin has been stubbed. {"adminResolution":{"declared":true,"installed":true,"version":"9.3.0","resolution":"E:\\Users\\Projects\\MERN\\amazon-clone\\functions\\node_modules\\firebase-admin\\lib\\index.js"}} {"metadata":{"emulator":{"name":"functions"},"message":"[runtime-status] [8836] firebase-admin has been stubbed. {\"adminResolution\":{\"declared\":true,\"installed\":true,\"version\":\"9.3.0\",\"resolution\":\"E:\\\\Users\\\\Projects\\\\MERN\\\\amazon-clone\\\\functions\\\\node_modules\\\\firebase-admin\\\\lib\\\\index.js\"}}"}}
[info] +  functions[api]: http function initialized (http://localhost:5001/clone-e5240/us-central1/api). {"metadata":{"emulator":{"name":"functions"},"message":"\u001b[1mhttp\u001b[22m function initialized (http://localhost:5001/clone-e5240/us-central1/api)."}}
[info] 
┌───────────────────────────────────────────────────────────────────────┐
│ ✔  All emulators ready! View status and logs at http://localhost:4000 │
└───────────────────────────────────────────────────────────────────────┘

┌───────────┬────────────────┬─────────────────────────────────┐
│ Emulator  │ Host:Port      │ View in Emulator UI             │
├───────────┼────────────────┼─────────────────────────────────┤
│ Functions │ localhost:5001 │ http://localhost:4000/functions │
└───────────┴────────────────┴─────────────────────────────────┘
  Other reserved ports: 4400, 4500

Issues? Report them at https://github.com/firebase/firebase-tools/issues and attach the *-debug.log files.
 
[debug] [2020-11-07T15:06:22.964Z] [worker-~diagnostic~-1e63297c-d39e-4310-be85-4fd035e28485]: IDLE {"metadata":{"emulator":{"name":"functions"},"message":"[worker-~diagnostic~-1e63297c-d39e-4310-be85-4fd035e28485]: IDLE"}}
[debug] [2020-11-07T15:06:42.247Z] [work-queue] {"queueLength":1,"workRunningCount":0}
[debug] [2020-11-07T15:06:42.251Z] [work-queue] {"queueLength":0,"workRunningCount":1}
[debug] [2020-11-07T15:06:42.254Z] Accepted request GET /clone-e5240/us-central1/api --> api
[debug] [2020-11-07T15:06:42.296Z] [worker-pool] addWorker(api) {"metadata":{"emulator":{"name":"functions"},"message":"[worker-pool] addWorker(api)"}}
[debug] [2020-11-07T15:06:42.298Z] [worker-pool] Adding worker with key api, total=1 {"metadata":{"emulator":{"name":"functions"},"message":"[worker-pool] Adding worker with key api, total=1"}}
[debug] [2020-11-07T15:06:42.299Z] [worker-pool] submitWork(triggerId=api) {"metadata":{"emulator":{"name":"functions"},"message":"[worker-pool] submitWork(triggerId=api)"}}
[debug] [2020-11-07T15:06:42.301Z] [worker-api-8b617d6f-db5c-437f-9ddd-8c29133ab525]: Assigning socketPath: \\?\pipe\E:\Users\Projects\MERN\amazon-clone\functions\17524 {"metadata":{"emulator":{"name":"functions"},"message":"[worker-api-8b617d6f-db5c-437f-9ddd-8c29133ab525]: Assigning socketPath: \\\\?\\pipe\\E:\\Users\\Projects\\MERN\\amazon-clone\\functions\\17524"}}
[debug] [2020-11-07T15:06:42.301Z] [worker-api-8b617d6f-db5c-437f-9ddd-8c29133ab525]: BUSY {"metadata":{"emulator":{"name":"functions"},"message":"[worker-api-8b617d6f-db5c-437f-9ddd-8c29133ab525]: BUSY"}}
[debug] [2020-11-07T15:06:43.423Z] [runtime-status] [17524] Functions runtime initialized. {"cwd":"E:\\Users\\Projects\\MERN\\amazon-clone\\functions","node_version":"14.4.0"} {"metadata":{"emulator":{"name":"functions"},"function":{"name":"api"},"message":"[runtime-status] [17524] Functions runtime initialized. {\"cwd\":\"E:\\\\Users\\\\Projects\\\\MERN\\\\amazon-clone\\\\functions\",\"node_version\":\"14.4.0\"}"}}
[debug] [2020-11-07T15:06:43.427Z] [runtime-status] [17524] Disabled runtime features: undefined {"metadata":{"emulator":{"name":"functions"},"function":{"name":"api"},"message":"[runtime-status] [17524] Disabled runtime features: undefined"}}
[debug] [2020-11-07T15:06:43.435Z] [runtime-status] [17524] Resolved module firebase-admin {"declared":true,"installed":true,"version":"9.3.0","resolution":"E:\\Users\\Projects\\MERN\\amazon-clone\\functions\\node_modules\\firebase-admin\\lib\\index.js"} {"metadata":{"emulator":{"name":"functions"},"function":{"name":"api"},"message":"[runtime-status] [17524] Resolved module firebase-admin {\"declared\":true,\"installed\":true,\"version\":\"9.3.0\",\"resolution\":\"E:\\\\Users\\\\Projects\\\\MERN\\\\amazon-clone\\\\functions\\\\node_modules\\\\firebase-admin\\\\lib\\\\index.js\"}"}}
[debug] [2020-11-07T15:06:43.438Z] [runtime-status] [17524] Resolved module firebase-functions {"declared":true,"installed":true,"version":"3.11.0","resolution":"E:\\Users\\Projects\\MERN\\amazon-clone\\functions\\node_modules\\firebase-functions\\lib\\index.js"} {"metadata":{"emulator":{"name":"functions"},"function":{"name":"api"},"message":"[runtime-status] [17524] Resolved module firebase-functions {\"declared\":true,\"installed\":true,\"version\":\"3.11.0\",\"resolution\":\"E:\\\\Users\\\\Projects\\\\MERN\\\\amazon-clone\\\\functions\\\\node_modules\\\\firebase-functions\\\\lib\\\\index.js\"}"}}
[debug] [2020-11-07T15:06:43.442Z] [runtime-status] [17524] Resolved module firebase-functions {"declared":true,"installed":true,"version":"3.11.0","resolution":"E:\\Users\\Projects\\MERN\\amazon-clone\\functions\\node_modules\\firebase-functions\\lib\\index.js"} {"metadata":{"emulator":{"name":"functions"},"function":{"name":"api"},"message":"[runtime-status] [17524] Resolved module firebase-functions {\"declared\":true,\"installed\":true,\"version\":\"3.11.0\",\"resolution\":\"E:\\\\Users\\\\Projects\\\\MERN\\\\amazon-clone\\\\functions\\\\node_modules\\\\firebase-functions\\\\lib\\\\index.js\"}"}}
[debug] [2020-11-07T15:06:43.446Z] [runtime-status] [17524] Outgoing network have been stubbed. [{"name":"http","status":"mocked"},{"name":"http","status":"mocked"},{"name":"https","status":"mocked"},{"name":"https","status":"mocked"},{"name":"net","status":"mocked"}] {"metadata":{"emulator":{"name":"functions"},"function":{"name":"api"},"message":"[runtime-status] [17524] Outgoing network have been stubbed. [{\"name\":\"http\",\"status\":\"mocked\"},{\"name\":\"http\",\"status\":\"mocked\"},{\"name\":\"https\",\"status\":\"mocked\"},{\"name\":\"https\",\"status\":\"mocked\"},{\"name\":\"net\",\"status\":\"mocked\"}]"}}
[debug] [2020-11-07T15:06:43.448Z] [runtime-status] [17524] Resolved module firebase-functions {"declared":true,"installed":true,"version":"3.11.0","resolution":"E:\\Users\\Projects\\MERN\\amazon-clone\\functions\\node_modules\\firebase-functions\\lib\\index.js"} {"metadata":{"emulator":{"name":"functions"},"function":{"name":"api"},"message":"[runtime-status] [17524] Resolved module firebase-functions {\"declared\":true,\"installed\":true,\"version\":\"3.11.0\",\"resolution\":\"E:\\\\Users\\\\Projects\\\\MERN\\\\amazon-clone\\\\functions\\\\node_modules\\\\firebase-functions\\\\lib\\\\index.js\"}"}}
[debug] [2020-11-07T15:06:43.554Z] [runtime-status] [17524] Checked functions.config() {"config":{}} {"metadata":{"emulator":{"name":"functions"},"function":{"name":"api"},"message":"[runtime-status] [17524] Checked functions.config() {\"config\":{}}"}}
[debug] [2020-11-07T15:06:43.554Z] [runtime-status] [17524] firebase-functions has been stubbed. {"functionsResolution":{"declared":true,"installed":true,"version":"3.11.0","resolution":"E:\\Users\\Projects\\MERN\\amazon-clone\\functions\\node_modules\\firebase-functions\\lib\\index.js"}} {"metadata":{"emulator":{"name":"functions"},"function":{"name":"api"},"message":"[runtime-status] [17524] firebase-functions has been stubbed. {\"functionsResolution\":{\"declared\":true,\"installed\":true,\"version\":\"3.11.0\",\"resolution\":\"E:\\\\Users\\\\Projects\\\\MERN\\\\amazon-clone\\\\functions\\\\node_modules\\\\firebase-functions\\\\lib\\\\index.js\"}}"}}
[debug] [2020-11-07T15:06:43.555Z] [runtime-status] [17524] Resolved module firebase-functions {"declared":true,"installed":true,"version":"3.11.0","resolution":"E:\\Users\\Projects\\MERN\\amazon-clone\\functions\\node_modules\\firebase-functions\\lib\\index.js"} {"metadata":{"emulator":{"name":"functions"},"function":{"name":"api"},"message":"[runtime-status] [17524] Resolved module firebase-functions {\"declared\":true,\"installed\":true,\"version\":\"3.11.0\",\"resolution\":\"E:\\\\Users\\\\Projects\\\\MERN\\\\amazon-clone\\\\functions\\\\node_modules\\\\firebase-functions\\\\lib\\\\index.js\"}"}}
[debug] [2020-11-07T15:06:43.558Z] [runtime-status] [17524] Resolved module firebase-admin {"declared":true,"installed":true,"version":"9.3.0","resolution":"E:\\Users\\Projects\\MERN\\amazon-clone\\functions\\node_modules\\firebase-admin\\lib\\index.js"} {"metadata":{"emulator":{"name":"functions"},"function":{"name":"api"},"message":"[runtime-status] [17524] Resolved module firebase-admin {\"declared\":true,\"installed\":true,\"version\":\"9.3.0\",\"resolution\":\"E:\\\\Users\\\\Projects\\\\MERN\\\\amazon-clone\\\\functions\\\\node_modules\\\\firebase-admin\\\\lib\\\\index.js\"}"}}
[debug] [2020-11-07T15:06:43.559Z] [runtime-status] [17524] Resolved module firebase-functions {"declared":true,"installed":true,"version":"3.11.0","resolution":"E:\\Users\\Projects\\MERN\\amazon-clone\\functions\\node_modules\\firebase-functions\\lib\\index.js"} {"metadata":{"emulator":{"name":"functions"},"function":{"name":"api"},"message":"[runtime-status] [17524] Resolved module firebase-functions {\"declared\":true,\"installed\":true,\"version\":\"3.11.0\",\"resolution\":\"E:\\\\Users\\\\Projects\\\\MERN\\\\amazon-clone\\\\functions\\\\node_modules\\\\firebase-functions\\\\lib\\\\index.js\"}"}}
[debug] [2020-11-07T15:06:43.560Z] [runtime-status] [17524] firebase-admin has been stubbed. {"adminResolution":{"declared":true,"installed":true,"version":"9.3.0","resolution":"E:\\Users\\Projects\\MERN\\amazon-clone\\functions\\node_modules\\firebase-admin\\lib\\index.js"}} {"metadata":{"emulator":{"name":"functions"},"function":{"name":"api"},"message":"[runtime-status] [17524] firebase-admin has been stubbed. {\"adminResolution\":{\"declared\":true,\"installed\":true,\"version\":\"9.3.0\",\"resolution\":\"E:\\\\Users\\\\Projects\\\\MERN\\\\amazon-clone\\\\functions\\\\node_modules\\\\firebase-admin\\\\lib\\\\index.js\"}}"}}
[debug] [2020-11-07T15:06:43.995Z] [runtime-status] [17524] Trigger "api" has been found, beginning invocation! {"metadata":{"emulator":{"name":"functions"},"function":{"name":"api"},"message":"[runtime-status] [17524] Trigger \"api\" has been found, beginning invocation!"}}
[info] i  functions: Beginning execution of "api" {"metadata":{"emulator":{"name":"functions"},"function":{"name":"api"},"message":"Beginning execution of \"api\""}}
[debug] [2020-11-07T15:06:44.000Z] [runtime-status] [17524] triggerDefinition {"httpsTrigger":{},"name":"api","entryPoint":"api"} {"metadata":{"emulator":{"name":"functions"},"function":{"name":"api"},"message":"[runtime-status] [17524] triggerDefinition {\"httpsTrigger\":{},\"name\":\"api\",\"entryPoint\":\"api\"}"}}
[debug] [2020-11-07T15:06:44.001Z] [runtime-status] [17524] Running api in mode HTTPS {"metadata":{"emulator":{"name":"functions"},"function":{"name":"api"},"message":"[runtime-status] [17524] Running api in mode HTTPS"}}
[debug] [2020-11-07T15:06:44.013Z] [runtime-status] [17524] Attempting to listen to socketPath: \\?\pipe\E:\Users\Projects\MERN\amazon-clone\functions\17524 {"metadata":{"emulator":{"name":"functions"},"function":{"name":"api"},"message":"[runtime-status] [17524] Attempting to listen to socketPath: \\\\?\\pipe\\E:\\Users\\Projects\\MERN\\amazon-clone\\functions\\17524"}}
[debug] [2020-11-07T15:06:44.020Z] [functions] Runtime ready! Sending request! {"metadata":{"emulator":{"name":"functions"},"message":"[functions] Runtime ready! Sending request!"}}
[debug] [2020-11-07T15:06:44.035Z] [runtime-status] [17524] Ephemeral server handling GET request {"metadata":{"emulator":{"name":"functions"},"function":{"name":"api"},"message":"[runtime-status] [17524] Ephemeral server handling GET request"}}
[debug] [2020-11-07T15:06:44.058Z] [runtime-status] [17524] Ephemeral server survived. {"metadata":{"emulator":{"name":"functions"},"function":{"name":"api"},"message":"[runtime-status] [17524] Ephemeral server survived."}}
[info] i  functions: Finished "api" in ~1s {"metadata":{"emulator":{"name":"functions"},"function":{"name":"api"},"message":"Finished \"api\" in ~1s"}}
[debug] [2020-11-07T15:06:44.072Z] [worker-api-8b617d6f-db5c-437f-9ddd-8c29133ab525]: IDLE {"metadata":{"emulator":{"name":"functions"},"message":"[worker-api-8b617d6f-db5c-437f-9ddd-8c29133ab525]: IDLE"}}
[debug] [2020-11-07T15:06:44.073Z] [work-queue] {"queueLength":0,"workRunningCount":0}
[debug] [2020-11-07T15:06:44.360Z] Functions emulator received unknown request at path /favicon.ico
[debug] [2020-11-07T15:12:25.075Z] [work-queue] {"queueLength":1,"workRunningCount":0}
[debug] [2020-11-07T15:12:25.076Z] [work-queue] {"queueLength":0,"workRunningCount":1}
[debug] [2020-11-07T15:12:25.077Z] Accepted request POST /clone-e5240/us-central1/api/payment/create?total=9994.999999999998 --> api
[debug] [2020-11-07T15:12:25.077Z] [worker-pool] submitWork(triggerId=api) {"metadata":{"emulator":{"name":"functions"},"message":"[worker-pool] submitWork(triggerId=api)"}}
[debug] [2020-11-07T15:12:25.077Z] [worker-api-8b617d6f-db5c-437f-9ddd-8c29133ab525]: Assigning socketPath: \\?\pipe\E:\Users\Projects\MERN\amazon-clone\functions\17524 {"metadata":{"emulator":{"name":"functions"},"message":"[worker-api-8b617d6f-db5c-437f-9ddd-8c29133ab525]: Assigning socketPath: \\\\?\\pipe\\E:\\Users\\Projects\\MERN\\amazon-clone\\functions\\17524"}}
[debug] [2020-11-07T15:12:25.078Z] [worker-api-8b617d6f-db5c-437f-9ddd-8c29133ab525]: BUSY {"metadata":{"emulator":{"name":"functions"},"message":"[worker-api-8b617d6f-db5c-437f-9ddd-8c29133ab525]: BUSY"}}
[debug] [2020-11-07T15:12:25.080Z] [runtime-status] [17524] Trigger "api" has been found, beginning invocation! {"metadata":{"emulator":{"name":"functions"},"function":{"name":"api"},"message":"[runtime-status] [17524] Trigger \"api\" has been found, beginning invocation!"}}
[info] i  functions: Beginning execution of "api" {"metadata":{"emulator":{"name":"functions"},"function":{"name":"api"},"message":"Beginning execution of \"api\""}}
[debug] [2020-11-07T15:12:25.085Z] [runtime-status] [17524] triggerDefinition {"httpsTrigger":{},"name":"api","entryPoint":"api"} {"metadata":{"emulator":{"name":"functions"},"function":{"name":"api"},"message":"[runtime-status] [17524] triggerDefinition {\"httpsTrigger\":{},\"name\":\"api\",\"entryPoint\":\"api\"}"}}
[debug] [2020-11-07T15:12:25.085Z] [runtime-status] [17524] Running api in mode HTTPS {"metadata":{"emulator":{"name":"functions"},"function":{"name":"api"},"message":"[runtime-status] [17524] Running api in mode HTTPS"}}
[debug] [2020-11-07T15:12:25.088Z] [runtime-status] [17524] Attempting to listen to socketPath: \\?\pipe\E:\Users\Projects\MERN\amazon-clone\functions\17524 {"metadata":{"emulator":{"name":"functions"},"function":{"name":"api"},"message":"[runtime-status] [17524] Attempting to listen to socketPath: \\\\?\\pipe\\E:\\Users\\Projects\\MERN\\amazon-clone\\functions\\17524"}}
[debug] [2020-11-07T15:12:25.091Z] [functions] Runtime ready! Sending request! {"metadata":{"emulator":{"name":"functions"},"message":"[functions] Runtime ready! Sending request!"}}
[debug] [2020-11-07T15:12:25.101Z] [runtime-status] [17524] Ephemeral server handling POST request {"metadata":{"emulator":{"name":"functions"},"function":{"name":"api"},"message":"[runtime-status] [17524] Ephemeral server handling POST request"}}
[debug] [2020-11-07T15:12:25.115Z] [runtime-status] [17524] Ephemeral server survived. {"metadata":{"emulator":{"name":"functions"},"function":{"name":"api"},"message":"[runtime-status] [17524] Ephemeral server survived."}}
[info] i  functions: Finished "api" in ~1s {"metadata":{"emulator":{"name":"functions"},"function":{"name":"api"},"message":"Finished \"api\" in ~1s"}}
[debug] [2020-11-07T15:12:25.151Z] [worker-api-8b617d6f-db5c-437f-9ddd-8c29133ab525]: IDLE {"metadata":{"emulator":{"name":"functions"},"message":"[worker-api-8b617d6f-db5c-437f-9ddd-8c29133ab525]: IDLE"}}
[debug] [2020-11-07T15:12:25.152Z] [work-queue] {"queueLength":0,"workRunningCount":0}
[debug] [2020-11-07T15:12:42.832Z] [work-queue] {"queueLength":1,"workRunningCount":0}
[debug] [2020-11-07T15:12:42.833Z] [work-queue] {"queueLength":0,"workRunningCount":1}
[debug] [2020-11-07T15:12:42.833Z] Accepted request POST /clone-e5240/us-central1/api/payment/create?total=9994.999999999998 --> api
[debug] [2020-11-07T15:12:42.834Z] [worker-pool] submitWork(triggerId=api) {"metadata":{"emulator":{"name":"functions"},"message":"[worker-pool] submitWork(triggerId=api)"}}
[debug] [2020-11-07T15:12:42.834Z] [worker-api-8b617d6f-db5c-437f-9ddd-8c29133ab525]: Assigning socketPath: \\?\pipe\E:\Users\Projects\MERN\amazon-clone\functions\17524 {"metadata":{"emulator":{"name":"functions"},"message":"[worker-api-8b617d6f-db5c-437f-9ddd-8c29133ab525]: Assigning socketPath: \\\\?\\pipe\\E:\\Users\\Projects\\MERN\\amazon-clone\\functions\\17524"}}
[debug] [2020-11-07T15:12:42.834Z] [worker-api-8b617d6f-db5c-437f-9ddd-8c29133ab525]: BUSY {"metadata":{"emulator":{"name":"functions"},"message":"[worker-api-8b617d6f-db5c-437f-9ddd-8c29133ab525]: BUSY"}}
[debug] [2020-11-07T15:12:42.835Z] [runtime-status] [17524] Trigger "api" has been found, beginning invocation! {"metadata":{"emulator":{"name":"functions"},"function":{"name":"api"},"message":"[runtime-status] [17524] Trigger \"api\" has been found, beginning invocation!"}}
[info] i  functions: Beginning execution of "api" {"metadata":{"emulator":{"name":"functions"},"function":{"name":"api"},"message":"Beginning execution of \"api\""}}
[debug] [2020-11-07T15:12:42.843Z] [runtime-status] [17524] triggerDefinition {"httpsTrigger":{},"name":"api","entryPoint":"api"} {"metadata":{"emulator":{"name":"functions"},"function":{"name":"api"},"message":"[runtime-status] [17524] triggerDefinition {\"httpsTrigger\":{},\"name\":\"api\",\"entryPoint\":\"api\"}"}}
[debug] [2020-11-07T15:12:42.844Z] [runtime-status] [17524] Running api in mode HTTPS {"metadata":{"emulator":{"name":"functions"},"function":{"name":"api"},"message":"[runtime-status] [17524] Running api in mode HTTPS"}}
[debug] [2020-11-07T15:12:42.845Z] [runtime-status] [17524] Attempting to listen to socketPath: \\?\pipe\E:\Users\Projects\MERN\amazon-clone\functions\17524 {"metadata":{"emulator":{"name":"functions"},"function":{"name":"api"},"message":"[runtime-status] [17524] Attempting to listen to socketPath: \\\\?\\pipe\\E:\\Users\\Projects\\MERN\\amazon-clone\\functions\\17524"}}
[debug] [2020-11-07T15:12:42.851Z] [functions] Runtime ready! Sending request! {"metadata":{"emulator":{"name":"functions"},"message":"[functions] Runtime ready! Sending request!"}}
[debug] [2020-11-07T15:12:42.857Z] [runtime-status] [17524] Ephemeral server handling POST request {"metadata":{"emulator":{"name":"functions"},"function":{"name":"api"},"message":"[runtime-status] [17524] Ephemeral server handling POST request"}}
[debug] [2020-11-07T15:12:42.862Z] [runtime-status] [17524] Ephemeral server survived. {"metadata":{"emulator":{"name":"functions"},"function":{"name":"api"},"message":"[runtime-status] [17524] Ephemeral server survived."}}
[info] i  functions: Finished "api" in ~1s {"metadata":{"emulator":{"name":"functions"},"function":{"name":"api"},"message":"Finished \"api\" in ~1s"}}
[debug] [2020-11-07T15:12:42.911Z] [worker-api-8b617d6f-db5c-437f-9ddd-8c29133ab525]: IDLE {"metadata":{"emulator":{"name":"functions"},"message":"[worker-api-8b617d6f-db5c-437f-9ddd-8c29133ab525]: IDLE"}}
[debug] [2020-11-07T15:12:42.913Z] [work-queue] {"queueLength":0,"workRunningCount":0}
[debug] [2020-11-07T15:13:20.186Z] [work-queue] {"queueLength":1,"workRunningCount":0}
[debug] [2020-11-07T15:13:20.186Z] [work-queue] {"queueLength":0,"workRunningCount":1}
[debug] [2020-11-07T15:13:20.187Z] Accepted request POST /clone-e5240/us-central1/api/payment/create?total=9994.999999999998 --> api
[debug] [2020-11-07T15:13:20.187Z] [worker-pool] submitWork(triggerId=api) {"metadata":{"emulator":{"name":"functions"},"message":"[worker-pool] submitWork(triggerId=api)"}}
[debug] [2020-11-07T15:13:20.187Z] [worker-api-8b617d6f-db5c-437f-9ddd-8c29133ab525]: Assigning socketPath: \\?\pipe\E:\Users\Projects\MERN\amazon-clone\functions\17524 {"metadata":{"emulator":{"name":"functions"},"message":"[worker-api-8b617d6f-db5c-437f-9ddd-8c29133ab525]: Assigning socketPath: \\\\?\\pipe\\E:\\Users\\Projects\\MERN\\amazon-clone\\functions\\17524"}}
[debug] [2020-11-07T15:13:20.188Z] [worker-api-8b617d6f-db5c-437f-9ddd-8c29133ab525]: BUSY {"metadata":{"emulator":{"name":"functions"},"message":"[worker-api-8b617d6f-db5c-437f-9ddd-8c29133ab525]: BUSY"}}
[debug] [2020-11-07T15:13:20.189Z] [runtime-status] [17524] Trigger "api" has been found, beginning invocation! {"metadata":{"emulator":{"name":"functions"},"function":{"name":"api"},"message":"[runtime-status] [17524] Trigger \"api\" has been found, beginning invocation!"}}
[info] i  functions: Beginning execution of "api" {"metadata":{"emulator":{"name":"functions"},"function":{"name":"api"},"message":"Beginning execution of \"api\""}}
[debug] [2020-11-07T15:13:20.192Z] [runtime-status] [17524] triggerDefinition {"httpsTrigger":{},"name":"api","entryPoint":"api"} {"metadata":{"emulator":{"name":"functions"},"function":{"name":"api"},"message":"[runtime-status] [17524] triggerDefinition {\"httpsTrigger\":{},\"name\":\"api\",\"entryPoint\":\"api\"}"}}
[debug] [2020-11-07T15:13:20.193Z] [runtime-status] [17524] Running api in mode HTTPS {"metadata":{"emulator":{"name":"functions"},"function":{"name":"api"},"message":"[runtime-status] [17524] Running api in mode HTTPS"}}
[debug] [2020-11-07T15:13:20.193Z] [runtime-status] [17524] Attempting to listen to socketPath: \\?\pipe\E:\Users\Projects\MERN\amazon-clone\functions\17524 {"metadata":{"emulator":{"name":"functions"},"function":{"name":"api"},"message":"[runtime-status] [17524] Attempting to listen to socketPath: \\\\?\\pipe\\E:\\Users\\Projects\\MERN\\amazon-clone\\functions\\17524"}}
[debug] [2020-11-07T15:13:20.195Z] [functions] Runtime ready! Sending request! {"metadata":{"emulator":{"name":"functions"},"message":"[functions] Runtime ready! Sending request!"}}
[debug] [2020-11-07T15:13:20.199Z] [runtime-status] [17524] Ephemeral server handling POST request {"metadata":{"emulator":{"name":"functions"},"function":{"name":"api"},"message":"[runtime-status] [17524] Ephemeral server handling POST request"}}
[debug] [2020-11-07T15:13:20.203Z] [runtime-status] [17524] Ephemeral server survived. {"metadata":{"emulator":{"name":"functions"},"function":{"name":"api"},"message":"[runtime-status] [17524] Ephemeral server survived."}}
[info] i  functions: Finished "api" in ~1s {"metadata":{"emulator":{"name":"functions"},"function":{"name":"api"},"message":"Finished \"api\" in ~1s"}}
[debug] [2020-11-07T15:13:20.206Z] [worker-api-8b617d6f-db5c-437f-9ddd-8c29133ab525]: IDLE {"metadata":{"emulator":{"name":"functions"},"message":"[worker-api-8b617d6f-db5c-437f-9ddd-8c29133ab525]: IDLE"}}
[debug] [2020-11-07T15:13:20.206Z] [work-queue] {"queueLength":0,"workRunningCount":0}
[debug] [2020-11-07T15:13:22.091Z] [work-queue] {"queueLength":1,"workRunningCount":0}
[debug] [2020-11-07T15:13:22.092Z] [work-queue] {"queueLength":0,"workRunningCount":1}
[debug] [2020-11-07T15:13:22.092Z] Accepted request POST /clone-e5240/us-central1/api/payment/create?total=9994.999999999998 --> api
[debug] [2020-11-07T15:13:22.092Z] [worker-pool] submitWork(triggerId=api) {"metadata":{"emulator":{"name":"functions"},"message":"[worker-pool] submitWork(triggerId=api)"}}
[debug] [2020-11-07T15:13:22.092Z] [worker-api-8b617d6f-db5c-437f-9ddd-8c29133ab525]: Assigning socketPath: \\?\pipe\E:\Users\Projects\MERN\amazon-clone\functions\17524 {"metadata":{"emulator":{"name":"functions"},"message":"[worker-api-8b617d6f-db5c-437f-9ddd-8c29133ab525]: Assigning socketPath: \\\\?\\pipe\\E:\\Users\\Projects\\MERN\\amazon-clone\\functions\\17524"}}
[debug] [2020-11-07T15:13:22.093Z] [worker-api-8b617d6f-db5c-437f-9ddd-8c29133ab525]: BUSY {"metadata":{"emulator":{"name":"functions"},"message":"[worker-api-8b617d6f-db5c-437f-9ddd-8c29133ab525]: BUSY"}}
[debug] [2020-11-07T15:13:22.093Z] [runtime-status] [17524] Trigger "api" has been found, beginning invocation! {"metadata":{"emulator":{"name":"functions"},"function":{"name":"api"},"message":"[runtime-status] [17524] Trigger \"api\" has been found, beginning invocation!"}}
[info] i  functions: Beginning execution of "api" {"metadata":{"emulator":{"name":"functions"},"function":{"name":"api"},"message":"Beginning execution of \"api\""}}
[debug] [2020-11-07T15:13:22.098Z] [runtime-status] [17524] triggerDefinition {"httpsTrigger":{},"name":"api","entryPoint":"api"} {"metadata":{"emulator":{"name":"functions"},"function":{"name":"api"},"message":"[runtime-status] [17524] triggerDefinition {\"httpsTrigger\":{},\"name\":\"api\",\"entryPoint\":\"api\"}"}}
[debug] [2020-11-07T15:13:22.099Z] [runtime-status] [17524] Running api in mode HTTPS {"metadata":{"emulator":{"name":"functions"},"function":{"name":"api"},"message":"[runtime-status] [17524] Running api in mode HTTPS"}}
[debug] [2020-11-07T15:13:22.099Z] [runtime-status] [17524] Attempting to listen to socketPath: \\?\pipe\E:\Users\Projects\MERN\amazon-clone\functions\17524 {"metadata":{"emulator":{"name":"functions"},"function":{"name":"api"},"message":"[runtime-status] [17524] Attempting to listen to socketPath: \\\\?\\pipe\\E:\\Users\\Projects\\MERN\\amazon-clone\\functions\\17524"}}
[debug] [2020-11-07T15:13:22.101Z] [functions] Runtime ready! Sending request! {"metadata":{"emulator":{"name":"functions"},"message":"[functions] Runtime ready! Sending request!"}}
[debug] [2020-11-07T15:13:22.104Z] [runtime-status] [17524] Ephemeral server handling POST request {"metadata":{"emulator":{"name":"functions"},"function":{"name":"api"},"message":"[runtime-status] [17524] Ephemeral server handling POST request"}}
[debug] [2020-11-07T15:13:22.107Z] [runtime-status] [17524] Ephemeral server survived. {"metadata":{"emulator":{"name":"functions"},"function":{"name":"api"},"message":"[runtime-status] [17524] Ephemeral server survived."}}
[info] i  functions: Finished "api" in ~1s {"metadata":{"emulator":{"name":"functions"},"function":{"name":"api"},"message":"Finished \"api\" in ~1s"}}
[debug] [2020-11-07T15:13:22.110Z] [worker-api-8b617d6f-db5c-437f-9ddd-8c29133ab525]: IDLE {"metadata":{"emulator":{"name":"functions"},"message":"[worker-api-8b617d6f-db5c-437f-9ddd-8c29133ab525]: IDLE"}}
[debug] [2020-11-07T15:13:22.110Z] [work-queue] {"queueLength":0,"workRunningCount":0}
[debug] [2020-11-07T15:13:43.122Z] [work-queue] {"queueLength":1,"workRunningCount":0}
[debug] [2020-11-07T15:13:43.123Z] [work-queue] {"queueLength":0,"workRunningCount":1}
[debug] [2020-11-07T15:13:43.123Z] Accepted request POST /clone-e5240/us-central1/api/payment/create?total=9994.999999999998 --> api
[debug] [2020-11-07T15:13:43.123Z] [worker-pool] submitWork(triggerId=api) {"metadata":{"emulator":{"name":"functions"},"message":"[worker-pool] submitWork(triggerId=api)"}}
[debug] [2020-11-07T15:13:43.124Z] [worker-api-8b617d6f-db5c-437f-9ddd-8c29133ab525]: Assigning socketPath: \\?\pipe\E:\Users\Projects\MERN\amazon-clone\functions\17524 {"metadata":{"emulator":{"name":"functions"},"message":"[worker-api-8b617d6f-db5c-437f-9ddd-8c29133ab525]: Assigning socketPath: \\\\?\\pipe\\E:\\Users\\Projects\\MERN\\amazon-clone\\functions\\17524"}}
[debug] [2020-11-07T15:13:43.124Z] [worker-api-8b617d6f-db5c-437f-9ddd-8c29133ab525]: BUSY {"metadata":{"emulator":{"name":"functions"},"message":"[worker-api-8b617d6f-db5c-437f-9ddd-8c29133ab525]: BUSY"}}
[debug] [2020-11-07T15:13:43.126Z] [runtime-status] [17524] Trigger "api" has been found, beginning invocation! {"metadata":{"emulator":{"name":"functions"},"function":{"name":"api"},"message":"[runtime-status] [17524] Trigger \"api\" has been found, beginning invocation!"}}
[info] i  functions: Beginning execution of "api" {"metadata":{"emulator":{"name":"functions"},"function":{"name":"api"},"message":"Beginning execution of \"api\""}}
[debug] [2020-11-07T15:13:43.135Z] [runtime-status] [17524] triggerDefinition {"httpsTrigger":{},"name":"api","entryPoint":"api"} {"metadata":{"emulator":{"name":"functions"},"function":{"name":"api"},"message":"[runtime-status] [17524] triggerDefinition {\"httpsTrigger\":{},\"name\":\"api\",\"entryPoint\":\"api\"}"}}
[debug] [2020-11-07T15:13:43.136Z] [runtime-status] [17524] Running api in mode HTTPS {"metadata":{"emulator":{"name":"functions"},"function":{"name":"api"},"message":"[runtime-status] [17524] Running api in mode HTTPS"}}
[debug] [2020-11-07T15:13:43.137Z] [runtime-status] [17524] Attempting to listen to socketPath: \\?\pipe\E:\Users\Projects\MERN\amazon-clone\functions\17524 {"metadata":{"emulator":{"name":"functions"},"function":{"name":"api"},"message":"[runtime-status] [17524] Attempting to listen to socketPath: \\\\?\\pipe\\E:\\Users\\Projects\\MERN\\amazon-clone\\functions\\17524"}}
[debug] [2020-11-07T15:13:43.139Z] [functions] Runtime ready! Sending request! {"metadata":{"emulator":{"name":"functions"},"message":"[functions] Runtime ready! Sending request!"}}
[debug] [2020-11-07T15:13:43.143Z] [runtime-status] [17524] Ephemeral server handling POST request {"metadata":{"emulator":{"name":"functions"},"function":{"name":"api"},"message":"[runtime-status] [17524] Ephemeral server handling POST request"}}
[debug] [2020-11-07T15:13:43.147Z] [runtime-status] [17524] Ephemeral server survived. {"metadata":{"emulator":{"name":"functions"},"function":{"name":"api"},"message":"[runtime-status] [17524] Ephemeral server survived."}}
[info] i  functions: Finished "api" in ~1s {"metadata":{"emulator":{"name":"functions"},"function":{"name":"api"},"message":"Finished \"api\" in ~1s"}}
[debug] [2020-11-07T15:13:43.173Z] [worker-api-8b617d6f-db5c-437f-9ddd-8c29133ab525]: IDLE {"metadata":{"emulator":{"name":"functions"},"message":"[worker-api-8b617d6f-db5c-437f-9ddd-8c29133ab525]: IDLE"}}
[debug] [2020-11-07T15:13:43.175Z] [work-queue] {"queueLength":0,"workRunningCount":0}
[debug] [2020-11-07T15:13:46.016Z] [work-queue] {"queueLength":1,"workRunningCount":0}
[debug] [2020-11-07T15:13:46.017Z] [work-queue] {"queueLength":0,"workRunningCount":1}
[debug] [2020-11-07T15:13:46.017Z] Accepted request POST /clone-e5240/us-central1/api/payment/create?total=9994.999999999998 --> api
[debug] [2020-11-07T15:13:46.017Z] [worker-pool] submitWork(triggerId=api) {"metadata":{"emulator":{"name":"functions"},"message":"[worker-pool] submitWork(triggerId=api)"}}
[debug] [2020-11-07T15:13:46.017Z] [worker-api-8b617d6f-db5c-437f-9ddd-8c29133ab525]: Assigning socketPath: \\?\pipe\E:\Users\Projects\MERN\amazon-clone\functions\17524 {"metadata":{"emulator":{"name":"functions"},"message":"[worker-api-8b617d6f-db5c-437f-9ddd-8c29133ab525]: Assigning socketPath: \\\\?\\pipe\\E:\\Users\\Projects\\MERN\\amazon-clone\\functions\\17524"}}
[debug] [2020-11-07T15:13:46.018Z] [worker-api-8b617d6f-db5c-437f-9ddd-8c29133ab525]: BUSY {"metadata":{"emulator":{"name":"functions"},"message":"[worker-api-8b617d6f-db5c-437f-9ddd-8c29133ab525]: BUSY"}}
[debug] [2020-11-07T15:13:46.027Z] [runtime-status] [17524] Trigger "api" has been found, beginning invocation! {"metadata":{"emulator":{"name":"functions"},"function":{"name":"api"},"message":"[runtime-status] [17524] Trigger \"api\" has been found, beginning invocation!"}}
[info] i  functions: Beginning execution of "api" {"metadata":{"emulator":{"name":"functions"},"function":{"name":"api"},"message":"Beginning execution of \"api\""}}
[debug] [2020-11-07T15:13:46.032Z] [runtime-status] [17524] triggerDefinition {"httpsTrigger":{},"name":"api","entryPoint":"api"} {"metadata":{"emulator":{"name":"functions"},"function":{"name":"api"},"message":"[runtime-status] [17524] triggerDefinition {\"httpsTrigger\":{},\"name\":\"api\",\"entryPoint\":\"api\"}"}}
[debug] [2020-11-07T15:13:46.033Z] [runtime-status] [17524] Running api in mode HTTPS {"metadata":{"emulator":{"name":"functions"},"function":{"name":"api"},"message":"[runtime-status] [17524] Running api in mode HTTPS"}}
[debug] [2020-11-07T15:13:46.035Z] [runtime-status] [17524] Attempting to listen to socketPath: \\?\pipe\E:\Users\Projects\MERN\amazon-clone\functions\17524 {"metadata":{"emulator":{"name":"functions"},"function":{"name":"api"},"message":"[runtime-status] [17524] Attempting to listen to socketPath: \\\\?\\pipe\\E:\\Users\\Projects\\MERN\\amazon-clone\\functions\\17524"}}
[debug] [2020-11-07T15:13:46.037Z] [functions] Runtime ready! Sending request! {"metadata":{"emulator":{"name":"functions"},"message":"[functions] Runtime ready! Sending request!"}}
[debug] [2020-11-07T15:13:46.041Z] [runtime-status] [17524] Ephemeral server handling POST request {"metadata":{"emulator":{"name":"functions"},"function":{"name":"api"},"message":"[runtime-status] [17524] Ephemeral server handling POST request"}}
[debug] [2020-11-07T15:13:46.045Z] [runtime-status] [17524] Ephemeral server survived. {"metadata":{"emulator":{"name":"functions"},"function":{"name":"api"},"message":"[runtime-status] [17524] Ephemeral server survived."}}
[info] i  functions: Finished "api" in ~1s {"metadata":{"emulator":{"name":"functions"},"function":{"name":"api"},"message":"Finished \"api\" in ~1s"}}
[debug] [2020-11-07T15:13:46.067Z] [worker-api-8b617d6f-db5c-437f-9ddd-8c29133ab525]: IDLE {"metadata":{"emulator":{"name":"functions"},"message":"[worker-api-8b617d6f-db5c-437f-9ddd-8c29133ab525]: IDLE"}}
[debug] [2020-11-07T15:13:46.068Z] [work-queue] {"queueLength":0,"workRunningCount":0}
[debug] [2020-11-07T15:13:50.131Z] [work-queue] {"queueLength":1,"workRunningCount":0}
[debug] [2020-11-07T15:13:50.132Z] [work-queue] {"queueLength":0,"workRunningCount":1}
[debug] [2020-11-07T15:13:50.132Z] Accepted request POST /clone-e5240/us-central1/api/payment/create?total=9994.999999999998 --> api
[debug] [2020-11-07T15:13:50.132Z] [worker-pool] submitWork(triggerId=api) {"metadata":{"emulator":{"name":"functions"},"message":"[worker-pool] submitWork(triggerId=api)"}}
[debug] [2020-11-07T15:13:50.133Z] [worker-api-8b617d6f-db5c-437f-9ddd-8c29133ab525]: Assigning socketPath: \\?\pipe\E:\Users\Projects\MERN\amazon-clone\functions\17524 {"metadata":{"emulator":{"name":"functions"},"message":"[worker-api-8b617d6f-db5c-437f-9ddd-8c29133ab525]: Assigning socketPath: \\\\?\\pipe\\E:\\Users\\Projects\\MERN\\amazon-clone\\functions\\17524"}}
[debug] [2020-11-07T15:13:50.133Z] [worker-api-8b617d6f-db5c-437f-9ddd-8c29133ab525]: BUSY {"metadata":{"emulator":{"name":"functions"},"message":"[worker-api-8b617d6f-db5c-437f-9ddd-8c29133ab525]: BUSY"}}
[debug] [2020-11-07T15:13:50.135Z] [runtime-status] [17524] Trigger "api" has been found, beginning invocation! {"metadata":{"emulator":{"name":"functions"},"function":{"name":"api"},"message":"[runtime-status] [17524] Trigger \"api\" has been found, beginning invocation!"}}
[info] i  functions: Beginning execution of "api" {"metadata":{"emulator":{"name":"functions"},"function":{"name":"api"},"message":"Beginning execution of \"api\""}}
[debug] [2020-11-07T15:13:50.141Z] [runtime-status] [17524] triggerDefinition {"httpsTrigger":{},"name":"api","entryPoint":"api"} {"metadata":{"emulator":{"name":"functions"},"function":{"name":"api"},"message":"[runtime-status] [17524] triggerDefinition {\"httpsTrigger\":{},\"name\":\"api\",\"entryPoint\":\"api\"}"}}
[debug] [2020-11-07T15:13:50.141Z] [runtime-status] [17524] Running api in mode HTTPS {"metadata":{"emulator":{"name":"functions"},"function":{"name":"api"},"message":"[runtime-status] [17524] Running api in mode HTTPS"}}
[debug] [2020-11-07T15:13:50.143Z] [runtime-status] [17524] Attempting to listen to socketPath: \\?\pipe\E:\Users\Projects\MERN\amazon-clone\functions\17524 {"metadata":{"emulator":{"name":"functions"},"function":{"name":"api"},"message":"[runtime-status] [17524] Attempting to listen to socketPath: \\\\?\\pipe\\E:\\Users\\Projects\\MERN\\amazon-clone\\functions\\17524"}}
[debug] [2020-11-07T15:13:50.144Z] [functions] Runtime ready! Sending request! {"metadata":{"emulator":{"name":"functions"},"message":"[functions] Runtime ready! Sending request!"}}
[debug] [2020-11-07T15:13:50.148Z] [runtime-status] [17524] Ephemeral server handling POST request {"metadata":{"emulator":{"name":"functions"},"function":{"name":"api"},"message":"[runtime-status] [17524] Ephemeral server handling POST request"}}
[debug] [2020-11-07T15:13:50.151Z] [runtime-status] [17524] Ephemeral server survived. {"metadata":{"emulator":{"name":"functions"},"function":{"name":"api"},"message":"[runtime-status] [17524] Ephemeral server survived."}}
[info] i  functions: Finished "api" in ~1s {"metadata":{"emulator":{"name":"functions"},"function":{"name":"api"},"message":"Finished \"api\" in ~1s"}}
[debug] [2020-11-07T15:13:50.189Z] [worker-api-8b617d6f-db5c-437f-9ddd-8c29133ab525]: IDLE {"metadata":{"emulator":{"name":"functions"},"message":"[worker-api-8b617d6f-db5c-437f-9ddd-8c29133ab525]: IDLE"}}
[debug] [2020-11-07T15:13:50.190Z] [work-queue] {"queueLength":0,"workRunningCount":0}
[debug] [2020-11-07T15:14:01.071Z] [work-queue] {"queueLength":1,"workRunningCount":0}
[debug] [2020-11-07T15:14:01.071Z] [work-queue] {"queueLength":0,"workRunningCount":1}
[debug] [2020-11-07T15:14:01.072Z] Accepted request POST /clone-e5240/us-central1/api/payment/create?total=9994.999999999998 --> api
[debug] [2020-11-07T15:14:01.072Z] [worker-pool] submitWork(triggerId=api) {"metadata":{"emulator":{"name":"functions"},"message":"[worker-pool] submitWork(triggerId=api)"}}
[debug] [2020-11-07T15:14:01.072Z] [worker-api-8b617d6f-db5c-437f-9ddd-8c29133ab525]: Assigning socketPath: \\?\pipe\E:\Users\Projects\MERN\amazon-clone\functions\17524 {"metadata":{"emulator":{"name":"functions"},"message":"[worker-api-8b617d6f-db5c-437f-9ddd-8c29133ab525]: Assigning socketPath: \\\\?\\pipe\\E:\\Users\\Projects\\MERN\\amazon-clone\\functions\\17524"}}
[debug] [2020-11-07T15:14:01.072Z] [worker-api-8b617d6f-db5c-437f-9ddd-8c29133ab525]: BUSY {"metadata":{"emulator":{"name":"functions"},"message":"[worker-api-8b617d6f-db5c-437f-9ddd-8c29133ab525]: BUSY"}}
[debug] [2020-11-07T15:14:01.073Z] [runtime-status] [17524] Trigger "api" has been found, beginning invocation! {"metadata":{"emulator":{"name":"functions"},"function":{"name":"api"},"message":"[runtime-status] [17524] Trigger \"api\" has been found, beginning invocation!"}}
[info] i  functions: Beginning execution of "api" {"metadata":{"emulator":{"name":"functions"},"function":{"name":"api"},"message":"Beginning execution of \"api\""}}
[debug] [2020-11-07T15:14:01.076Z] [runtime-status] [17524] triggerDefinition {"httpsTrigger":{},"name":"api","entryPoint":"api"} {"metadata":{"emulator":{"name":"functions"},"function":{"name":"api"},"message":"[runtime-status] [17524] triggerDefinition {\"httpsTrigger\":{},\"name\":\"api\",\"entryPoint\":\"api\"}"}}
[debug] [2020-11-07T15:14:01.077Z] [runtime-status] [17524] Running api in mode HTTPS {"metadata":{"emulator":{"name":"functions"},"function":{"name":"api"},"message":"[runtime-status] [17524] Running api in mode HTTPS"}}
[debug] [2020-11-07T15:14:01.078Z] [runtime-status] [17524] Attempting to listen to socketPath: \\?\pipe\E:\Users\Projects\MERN\amazon-clone\functions\17524 {"metadata":{"emulator":{"name":"functions"},"function":{"name":"api"},"message":"[runtime-status] [17524] Attempting to listen to socketPath: \\\\?\\pipe\\E:\\Users\\Projects\\MERN\\amazon-clone\\functions\\17524"}}
[debug] [2020-11-07T15:14:01.079Z] [functions] Runtime ready! Sending request! {"metadata":{"emulator":{"name":"functions"},"message":"[functions] Runtime ready! Sending request!"}}
[debug] [2020-11-07T15:14:01.082Z] [runtime-status] [17524] Ephemeral server handling POST request {"metadata":{"emulator":{"name":"functions"},"function":{"name":"api"},"message":"[runtime-status] [17524] Ephemeral server handling POST request"}}
[debug] [2020-11-07T15:14:01.085Z] [runtime-status] [17524] Ephemeral server survived. {"metadata":{"emulator":{"name":"functions"},"function":{"name":"api"},"message":"[runtime-status] [17524] Ephemeral server survived."}}
[info] i  functions: Finished "api" in ~1s {"metadata":{"emulator":{"name":"functions"},"function":{"name":"api"},"message":"Finished \"api\" in ~1s"}}
[debug] [2020-11-07T15:14:01.116Z] [worker-api-8b617d6f-db5c-437f-9ddd-8c29133ab525]: IDLE {"metadata":{"emulator":{"name":"functions"},"message":"[worker-api-8b617d6f-db5c-437f-9ddd-8c29133ab525]: IDLE"}}
[debug] [2020-11-07T15:14:01.116Z] [work-queue] {"queueLength":0,"workRunningCount":0}
[debug] [2020-11-07T15:14:09.729Z] [work-queue] {"queueLength":1,"workRunningCount":0}
[debug] [2020-11-07T15:14:09.730Z] [work-queue] {"queueLength":0,"workRunningCount":1}
[debug] [2020-11-07T15:14:09.730Z] Accepted request POST /clone-e5240/us-central1/api/payment/create?total=9994.999999999998 --> api
[debug] [2020-11-07T15:14:09.731Z] [worker-pool] submitWork(triggerId=api) {"metadata":{"emulator":{"name":"functions"},"message":"[worker-pool] submitWork(triggerId=api)"}}
[debug] [2020-11-07T15:14:09.731Z] [worker-api-8b617d6f-db5c-437f-9ddd-8c29133ab525]: Assigning socketPath: \\?\pipe\E:\Users\Projects\MERN\amazon-clone\functions\17524 {"metadata":{"emulator":{"name":"functions"},"message":"[worker-api-8b617d6f-db5c-437f-9ddd-8c29133ab525]: Assigning socketPath: \\\\?\\pipe\\E:\\Users\\Projects\\MERN\\amazon-clone\\functions\\17524"}}
[debug] [2020-11-07T15:14:09.731Z] [worker-api-8b617d6f-db5c-437f-9ddd-8c29133ab525]: BUSY {"metadata":{"emulator":{"name":"functions"},"message":"[worker-api-8b617d6f-db5c-437f-9ddd-8c29133ab525]: BUSY"}}
[debug] [2020-11-07T15:14:09.733Z] [runtime-status] [17524] Trigger "api" has been found, beginning invocation! {"metadata":{"emulator":{"name":"functions"},"function":{"name":"api"},"message":"[runtime-status] [17524] Trigger \"api\" has been found, beginning invocation!"}}
[info] i  functions: Beginning execution of "api" {"metadata":{"emulator":{"name":"functions"},"function":{"name":"api"},"message":"Beginning execution of \"api\""}}
[debug] [2020-11-07T15:14:09.807Z] [runtime-status] [17524] triggerDefinition {"httpsTrigger":{},"name":"api","entryPoint":"api"} {"metadata":{"emulator":{"name":"functions"},"function":{"name":"api"},"message":"[runtime-status] [17524] triggerDefinition {\"httpsTrigger\":{},\"name\":\"api\",\"entryPoint\":\"api\"}"}}
[debug] [2020-11-07T15:14:09.807Z] [runtime-status] [17524] Running api in mode HTTPS {"metadata":{"emulator":{"name":"functions"},"function":{"name":"api"},"message":"[runtime-status] [17524] Running api in mode HTTPS"}}
[debug] [2020-11-07T15:14:09.808Z] [runtime-status] [17524] Attempting to listen to socketPath: \\?\pipe\E:\Users\Projects\MERN\amazon-clone\functions\17524 {"metadata":{"emulator":{"name":"functions"},"function":{"name":"api"},"message":"[runtime-status] [17524] Attempting to listen to socketPath: \\\\?\\pipe\\E:\\Users\\Projects\\MERN\\amazon-clone\\functions\\17524"}}
[debug] [2020-11-07T15:14:09.810Z] [functions] Runtime ready! Sending request! {"metadata":{"emulator":{"name":"functions"},"message":"[functions] Runtime ready! Sending request!"}}
[debug] [2020-11-07T15:14:09.813Z] [runtime-status] [17524] Ephemeral server handling POST request {"metadata":{"emulator":{"name":"functions"},"function":{"name":"api"},"message":"[runtime-status] [17524] Ephemeral server handling POST request"}}
[debug] [2020-11-07T15:14:09.816Z] [runtime-status] [17524] Ephemeral server survived. {"metadata":{"emulator":{"name":"functions"},"function":{"name":"api"},"message":"[runtime-status] [17524] Ephemeral server survived."}}
[info] i  functions: Finished "api" in ~1s {"metadata":{"emulator":{"name":"functions"},"function":{"name":"api"},"message":"Finished \"api\" in ~1s"}}
[debug] [2020-11-07T15:14:09.874Z] [worker-api-8b617d6f-db5c-437f-9ddd-8c29133ab525]: IDLE {"metadata":{"emulator":{"name":"functions"},"message":"[worker-api-8b617d6f-db5c-437f-9ddd-8c29133ab525]: IDLE"}}
[debug] [2020-11-07T15:14:09.874Z] [work-queue] {"queueLength":0,"workRunningCount":0}
[debug] [2020-11-07T15:14:12.902Z] [work-queue] {"queueLength":1,"workRunningCount":0}
[debug] [2020-11-07T15:14:12.902Z] [work-queue] {"queueLength":0,"workRunningCount":1}
[debug] [2020-11-07T15:14:12.902Z] Accepted request POST /clone-e5240/us-central1/api/payment/create?total=9994.999999999998 --> api
[debug] [2020-11-07T15:14:12.902Z] [worker-pool] submitWork(triggerId=api) {"metadata":{"emulator":{"name":"functions"},"message":"[worker-pool] submitWork(triggerId=api)"}}
[debug] [2020-11-07T15:14:12.902Z] [worker-api-8b617d6f-db5c-437f-9ddd-8c29133ab525]: Assigning socketPath: \\?\pipe\E:\Users\Projects\MERN\amazon-clone\functions\17524 {"metadata":{"emulator":{"name":"functions"},"message":"[worker-api-8b617d6f-db5c-437f-9ddd-8c29133ab525]: Assigning socketPath: \\\\?\\pipe\\E:\\Users\\Projects\\MERN\\amazon-clone\\functions\\17524"}}
[debug] [2020-11-07T15:14:12.903Z] [worker-api-8b617d6f-db5c-437f-9ddd-8c29133ab525]: BUSY {"metadata":{"emulator":{"name":"functions"},"message":"[worker-api-8b617d6f-db5c-437f-9ddd-8c29133ab525]: BUSY"}}
[debug] [2020-11-07T15:14:12.903Z] [runtime-status] [17524] Trigger "api" has been found, beginning invocation! {"metadata":{"emulator":{"name":"functions"},"function":{"name":"api"},"message":"[runtime-status] [17524] Trigger \"api\" has been found, beginning invocation!"}}
[info] i  functions: Beginning execution of "api" {"metadata":{"emulator":{"name":"functions"},"function":{"name":"api"},"message":"Beginning execution of \"api\""}}
[debug] [2020-11-07T15:14:12.906Z] [runtime-status] [17524] triggerDefinition {"httpsTrigger":{},"name":"api","entryPoint":"api"} {"metadata":{"emulator":{"name":"functions"},"function":{"name":"api"},"message":"[runtime-status] [17524] triggerDefinition {\"httpsTrigger\":{},\"name\":\"api\",\"entryPoint\":\"api\"}"}}
[debug] [2020-11-07T15:14:12.906Z] [runtime-status] [17524] Running api in mode HTTPS {"metadata":{"emulator":{"name":"functions"},"function":{"name":"api"},"message":"[runtime-status] [17524] Running api in mode HTTPS"}}
[debug] [2020-11-07T15:14:12.907Z] [runtime-status] [17524] Attempting to listen to socketPath: \\?\pipe\E:\Users\Projects\MERN\amazon-clone\functions\17524 {"metadata":{"emulator":{"name":"functions"},"function":{"name":"api"},"message":"[runtime-status] [17524] Attempting to listen to socketPath: \\\\?\\pipe\\E:\\Users\\Projects\\MERN\\amazon-clone\\functions\\17524"}}
[debug] [2020-11-07T15:14:12.909Z] [functions] Runtime ready! Sending request! {"metadata":{"emulator":{"name":"functions"},"message":"[functions] Runtime ready! Sending request!"}}
[debug] [2020-11-07T15:14:12.913Z] [runtime-status] [17524] Ephemeral server handling POST request {"metadata":{"emulator":{"name":"functions"},"function":{"name":"api"},"message":"[runtime-status] [17524] Ephemeral server handling POST request"}}
[debug] [2020-11-07T15:14:12.917Z] [runtime-status] [17524] Ephemeral server survived. {"metadata":{"emulator":{"name":"functions"},"function":{"name":"api"},"message":"[runtime-status] [17524] Ephemeral server survived."}}
[info] i  functions: Finished "api" in ~1s {"metadata":{"emulator":{"name":"functions"},"function":{"name":"api"},"message":"Finished \"api\" in ~1s"}}
[debug] [2020-11-07T15:14:12.947Z] [worker-api-8b617d6f-db5c-437f-9ddd-8c29133ab525]: IDLE {"metadata":{"emulator":{"name":"functions"},"message":"[worker-api-8b617d6f-db5c-437f-9ddd-8c29133ab525]: IDLE"}}
[debug] [2020-11-07T15:14:12.947Z] [work-queue] {"queueLength":0,"workRunningCount":0}
[debug] [2020-11-07T15:14:20.220Z] [work-queue] {"queueLength":1,"workRunningCount":0}
[debug] [2020-11-07T15:14:20.220Z] [work-queue] {"queueLength":0,"workRunningCount":1}
[debug] [2020-11-07T15:14:20.220Z] Accepted request POST /clone-e5240/us-central1/api/payment/create?total=9994.999999999998 --> api
[debug] [2020-11-07T15:14:20.221Z] [worker-pool] submitWork(triggerId=api) {"metadata":{"emulator":{"name":"functions"},"message":"[worker-pool] submitWork(triggerId=api)"}}
[debug] [2020-11-07T15:14:20.221Z] [worker-api-8b617d6f-db5c-437f-9ddd-8c29133ab525]: Assigning socketPath: \\?\pipe\E:\Users\Projects\MERN\amazon-clone\functions\17524 {"metadata":{"emulator":{"name":"functions"},"message":"[worker-api-8b617d6f-db5c-437f-9ddd-8c29133ab525]: Assigning socketPath: \\\\?\\pipe\\E:\\Users\\Projects\\MERN\\amazon-clone\\functions\\17524"}}
[debug] [2020-11-07T15:14:20.221Z] [worker-api-8b617d6f-db5c-437f-9ddd-8c29133ab525]: BUSY {"metadata":{"emulator":{"name":"functions"},"message":"[worker-api-8b617d6f-db5c-437f-9ddd-8c29133ab525]: BUSY"}}
[debug] [2020-11-07T15:14:20.222Z] [runtime-status] [17524] Trigger "api" has been found, beginning invocation! {"metadata":{"emulator":{"name":"functions"},"function":{"name":"api"},"message":"[runtime-status] [17524] Trigger \"api\" has been found, beginning invocation!"}}
[info] i  functions: Beginning execution of "api" {"metadata":{"emulator":{"name":"functions"},"function":{"name":"api"},"message":"Beginning execution of \"api\""}}
[debug] [2020-11-07T15:14:20.227Z] [runtime-status] [17524] triggerDefinition {"httpsTrigger":{},"name":"api","entryPoint":"api"} {"metadata":{"emulator":{"name":"functions"},"function":{"name":"api"},"message":"[runtime-status] [17524] triggerDefinition {\"httpsTrigger\":{},\"name\":\"api\",\"entryPoint\":\"api\"}"}}
[debug] [2020-11-07T15:14:20.227Z] [runtime-status] [17524] Running api in mode HTTPS {"metadata":{"emulator":{"name":"functions"},"function":{"name":"api"},"message":"[runtime-status] [17524] Running api in mode HTTPS"}}
[debug] [2020-11-07T15:14:20.227Z] [runtime-status] [17524] Attempting to listen to socketPath: \\?\pipe\E:\Users\Projects\MERN\amazon-clone\functions\17524 {"metadata":{"emulator":{"name":"functions"},"function":{"name":"api"},"message":"[runtime-status] [17524] Attempting to listen to socketPath: \\\\?\\pipe\\E:\\Users\\Projects\\MERN\\amazon-clone\\functions\\17524"}}
[debug] [2020-11-07T15:14:20.229Z] [functions] Runtime ready! Sending request! {"metadata":{"emulator":{"name":"functions"},"message":"[functions] Runtime ready! Sending request!"}}
[debug] [2020-11-07T15:14:20.231Z] [runtime-status] [17524] Ephemeral server handling POST request {"metadata":{"emulator":{"name":"functions"},"function":{"name":"api"},"message":"[runtime-status] [17524] Ephemeral server handling POST request"}}
[debug] [2020-11-07T15:14:20.236Z] [runtime-status] [17524] Ephemeral server survived. {"metadata":{"emulator":{"name":"functions"},"function":{"name":"api"},"message":"[runtime-status] [17524] Ephemeral server survived."}}
[info] i  functions: Finished "api" in ~1s {"metadata":{"emulator":{"name":"functions"},"function":{"name":"api"},"message":"Finished \"api\" in ~1s"}}
[debug] [2020-11-07T15:14:20.268Z] [worker-api-8b617d6f-db5c-437f-9ddd-8c29133ab525]: IDLE {"metadata":{"emulator":{"name":"functions"},"message":"[worker-api-8b617d6f-db5c-437f-9ddd-8c29133ab525]: IDLE"}}
[debug] [2020-11-07T15:14:20.269Z] [work-queue] {"queueLength":0,"workRunningCount":0}
[debug] [2020-11-07T15:14:30.961Z] [work-queue] {"queueLength":1,"workRunningCount":0}
[debug] [2020-11-07T15:14:30.961Z] [work-queue] {"queueLength":0,"workRunningCount":1}
[debug] [2020-11-07T15:14:30.962Z] Accepted request POST /clone-e5240/us-central1/api/payment/create?total=9994.999999999998 --> api
[debug] [2020-11-07T15:14:30.962Z] [worker-pool] submitWork(triggerId=api) {"metadata":{"emulator":{"name":"functions"},"message":"[worker-pool] submitWork(triggerId=api)"}}
[debug] [2020-11-07T15:14:30.963Z] [worker-api-8b617d6f-db5c-437f-9ddd-8c29133ab525]: Assigning socketPath: \\?\pipe\E:\Users\Projects\MERN\amazon-clone\functions\17524 {"metadata":{"emulator":{"name":"functions"},"message":"[worker-api-8b617d6f-db5c-437f-9ddd-8c29133ab525]: Assigning socketPath: \\\\?\\pipe\\E:\\Users\\Projects\\MERN\\amazon-clone\\functions\\17524"}}
[debug] [2020-11-07T15:14:30.963Z] [worker-api-8b617d6f-db5c-437f-9ddd-8c29133ab525]: BUSY {"metadata":{"emulator":{"name":"functions"},"message":"[worker-api-8b617d6f-db5c-437f-9ddd-8c29133ab525]: BUSY"}}
[debug] [2020-11-07T15:14:30.966Z] [runtime-status] [17524] Trigger "api" has been found, beginning invocation! {"metadata":{"emulator":{"name":"functions"},"function":{"name":"api"},"message":"[runtime-status] [17524] Trigger \"api\" has been found, beginning invocation!"}}
[info] i  functions: Beginning execution of "api" {"metadata":{"emulator":{"name":"functions"},"function":{"name":"api"},"message":"Beginning execution of \"api\""}}
[debug] [2020-11-07T15:14:30.993Z] [runtime-status] [17524] triggerDefinition {"httpsTrigger":{},"name":"api","entryPoint":"api"} {"metadata":{"emulator":{"name":"functions"},"function":{"name":"api"},"message":"[runtime-status] [17524] triggerDefinition {\"httpsTrigger\":{},\"name\":\"api\",\"entryPoint\":\"api\"}"}}
[debug] [2020-11-07T15:14:30.994Z] [runtime-status] [17524] Running api in mode HTTPS {"metadata":{"emulator":{"name":"functions"},"function":{"name":"api"},"message":"[runtime-status] [17524] Running api in mode HTTPS"}}
[debug] [2020-11-07T15:14:30.996Z] [runtime-status] [17524] Attempting to listen to socketPath: \\?\pipe\E:\Users\Projects\MERN\amazon-clone\functions\17524 {"metadata":{"emulator":{"name":"functions"},"function":{"name":"api"},"message":"[runtime-status] [17524] Attempting to listen to socketPath: \\\\?\\pipe\\E:\\Users\\Projects\\MERN\\amazon-clone\\functions\\17524"}}
[debug] [2020-11-07T15:14:30.998Z] [functions] Runtime ready! Sending request! {"metadata":{"emulator":{"name":"functions"},"message":"[functions] Runtime ready! Sending request!"}}
[debug] [2020-11-07T15:14:31.001Z] [runtime-status] [17524] Ephemeral server handling POST request {"metadata":{"emulator":{"name":"functions"},"function":{"name":"api"},"message":"[runtime-status] [17524] Ephemeral server handling POST request"}}
[debug] [2020-11-07T15:14:31.004Z] [runtime-status] [17524] Ephemeral server survived. {"metadata":{"emulator":{"name":"functions"},"function":{"name":"api"},"message":"[runtime-status] [17524] Ephemeral server survived."}}
[info] i  functions: Finished "api" in ~1s {"metadata":{"emulator":{"name":"functions"},"function":{"name":"api"},"message":"Finished \"api\" in ~1s"}}
[debug] [2020-11-07T15:14:31.043Z] [worker-api-8b617d6f-db5c-437f-9ddd-8c29133ab525]: IDLE {"metadata":{"emulator":{"name":"functions"},"message":"[worker-api-8b617d6f-db5c-437f-9ddd-8c29133ab525]: IDLE"}}
[debug] [2020-11-07T15:14:31.044Z] [work-queue] {"queueLength":0,"workRunningCount":0}
[debug] [2020-11-07T15:14:32.638Z] [work-queue] {"queueLength":1,"workRunningCount":0}
[debug] [2020-11-07T15:14:32.638Z] [work-queue] {"queueLength":0,"workRunningCount":1}
[debug] [2020-11-07T15:14:32.639Z] Accepted request POST /clone-e5240/us-central1/api/payment/create?total=9994.999999999998 --> api
[debug] [2020-11-07T15:14:32.639Z] [worker-pool] submitWork(triggerId=api) {"metadata":{"emulator":{"name":"functions"},"message":"[worker-pool] submitWork(triggerId=api)"}}
[debug] [2020-11-07T15:14:32.639Z] [worker-api-8b617d6f-db5c-437f-9ddd-8c29133ab525]: Assigning socketPath: \\?\pipe\E:\Users\Projects\MERN\amazon-clone\functions\17524 {"metadata":{"emulator":{"name":"functions"},"message":"[worker-api-8b617d6f-db5c-437f-9ddd-8c29133ab525]: Assigning socketPath: \\\\?\\pipe\\E:\\Users\\Projects\\MERN\\amazon-clone\\functions\\17524"}}
[debug] [2020-11-07T15:14:32.639Z] [worker-api-8b617d6f-db5c-437f-9ddd-8c29133ab525]: BUSY {"metadata":{"emulator":{"name":"functions"},"message":"[worker-api-8b617d6f-db5c-437f-9ddd-8c29133ab525]: BUSY"}}
[debug] [2020-11-07T15:14:32.640Z] [runtime-status] [17524] Trigger "api" has been found, beginning invocation! {"metadata":{"emulator":{"name":"functions"},"function":{"name":"api"},"message":"[runtime-status] [17524] Trigger \"api\" has been found, beginning invocation!"}}
[info] i  functions: Beginning execution of "api" {"metadata":{"emulator":{"name":"functions"},"function":{"name":"api"},"message":"Beginning execution of \"api\""}}
[debug] [2020-11-07T15:14:32.644Z] [runtime-status] [17524] triggerDefinition {"httpsTrigger":{},"name":"api","entryPoint":"api"} {"metadata":{"emulator":{"name":"functions"},"function":{"name":"api"},"message":"[runtime-status] [17524] triggerDefinition {\"httpsTrigger\":{},\"name\":\"api\",\"entryPoint\":\"api\"}"}}
[debug] [2020-11-07T15:14:32.644Z] [runtime-status] [17524] Running api in mode HTTPS {"metadata":{"emulator":{"name":"functions"},"function":{"name":"api"},"message":"[runtime-status] [17524] Running api in mode HTTPS"}}
[debug] [2020-11-07T15:14:32.645Z] [runtime-status] [17524] Attempting to listen to socketPath: \\?\pipe\E:\Users\Projects\MERN\amazon-clone\functions\17524 {"metadata":{"emulator":{"name":"functions"},"function":{"name":"api"},"message":"[runtime-status] [17524] Attempting to listen to socketPath: \\\\?\\pipe\\E:\\Users\\Projects\\MERN\\amazon-clone\\functions\\17524"}}
[debug] [2020-11-07T15:14:32.647Z] [functions] Runtime ready! Sending request! {"metadata":{"emulator":{"name":"functions"},"message":"[functions] Runtime ready! Sending request!"}}
[debug] [2020-11-07T15:14:32.651Z] [runtime-status] [17524] Ephemeral server handling POST request {"metadata":{"emulator":{"name":"functions"},"function":{"name":"api"},"message":"[runtime-status] [17524] Ephemeral server handling POST request"}}
[debug] [2020-11-07T15:14:32.654Z] [runtime-status] [17524] Ephemeral server survived. {"metadata":{"emulator":{"name":"functions"},"function":{"name":"api"},"message":"[runtime-status] [17524] Ephemeral server survived."}}
[info] i  functions: Finished "api" in ~1s {"metadata":{"emulator":{"name":"functions"},"function":{"name":"api"},"message":"Finished \"api\" in ~1s"}}
[debug] [2020-11-07T15:14:32.666Z] [worker-api-8b617d6f-db5c-437f-9ddd-8c29133ab525]: IDLE {"metadata":{"emulator":{"name":"functions"},"message":"[worker-api-8b617d6f-db5c-437f-9ddd-8c29133ab525]: IDLE"}}
[debug] [2020-11-07T15:14:32.666Z] [work-queue] {"queueLength":0,"workRunningCount":0}
[debug] [2020-11-07T15:14:38.116Z] [work-queue] {"queueLength":1,"workRunningCount":0}
[debug] [2020-11-07T15:14:38.116Z] [work-queue] {"queueLength":0,"workRunningCount":1}
[debug] [2020-11-07T15:14:38.117Z] Accepted request POST /clone-e5240/us-central1/api/payment/create?total=9994.999999999998 --> api
[debug] [2020-11-07T15:14:38.117Z] [worker-pool] submitWork(triggerId=api) {"metadata":{"emulator":{"name":"functions"},"message":"[worker-pool] submitWork(triggerId=api)"}}
[debug] [2020-11-07T15:14:38.117Z] [worker-api-8b617d6f-db5c-437f-9ddd-8c29133ab525]: Assigning socketPath: \\?\pipe\E:\Users\Projects\MERN\amazon-clone\functions\17524 {"metadata":{"emulator":{"name":"functions"},"message":"[worker-api-8b617d6f-db5c-437f-9ddd-8c29133ab525]: Assigning socketPath: \\\\?\\pipe\\E:\\Users\\Projects\\MERN\\amazon-clone\\functions\\17524"}}
[debug] [2020-11-07T15:14:38.117Z] [worker-api-8b617d6f-db5c-437f-9ddd-8c29133ab525]: BUSY {"metadata":{"emulator":{"name":"functions"},"message":"[worker-api-8b617d6f-db5c-437f-9ddd-8c29133ab525]: BUSY"}}
[debug] [2020-11-07T15:14:38.118Z] [runtime-status] [17524] Trigger "api" has been found, beginning invocation! {"metadata":{"emulator":{"name":"functions"},"function":{"name":"api"},"message":"[runtime-status] [17524] Trigger \"api\" has been found, beginning invocation!"}}
[info] i  functions: Beginning execution of "api" {"metadata":{"emulator":{"name":"functions"},"function":{"name":"api"},"message":"Beginning execution of \"api\""}}
[debug] [2020-11-07T15:14:38.121Z] [runtime-status] [17524] triggerDefinition {"httpsTrigger":{},"name":"api","entryPoint":"api"} {"metadata":{"emulator":{"name":"functions"},"function":{"name":"api"},"message":"[runtime-status] [17524] triggerDefinition {\"httpsTrigger\":{},\"name\":\"api\",\"entryPoint\":\"api\"}"}}
[debug] [2020-11-07T15:14:38.124Z] [runtime-status] [17524] Running api in mode HTTPS {"metadata":{"emulator":{"name":"functions"},"function":{"name":"api"},"message":"[runtime-status] [17524] Running api in mode HTTPS"}}
[debug] [2020-11-07T15:14:38.125Z] [runtime-status] [17524] Attempting to listen to socketPath: \\?\pipe\E:\Users\Projects\MERN\amazon-clone\functions\17524 {"metadata":{"emulator":{"name":"functions"},"function":{"name":"api"},"message":"[runtime-status] [17524] Attempting to listen to socketPath: \\\\?\\pipe\\E:\\Users\\Projects\\MERN\\amazon-clone\\functions\\17524"}}
[debug] [2020-11-07T15:14:38.127Z] [functions] Runtime ready! Sending request! {"metadata":{"emulator":{"name":"functions"},"message":"[functions] Runtime ready! Sending request!"}}
[debug] [2020-11-07T15:14:38.130Z] [runtime-status] [17524] Ephemeral server handling POST request {"metadata":{"emulator":{"name":"functions"},"function":{"name":"api"},"message":"[runtime-status] [17524] Ephemeral server handling POST request"}}
[debug] [2020-11-07T15:14:38.133Z] [runtime-status] [17524] Ephemeral server survived. {"metadata":{"emulator":{"name":"functions"},"function":{"name":"api"},"message":"[runtime-status] [17524] Ephemeral server survived."}}
[info] i  functions: Finished "api" in ~1s {"metadata":{"emulator":{"name":"functions"},"function":{"name":"api"},"message":"Finished \"api\" in ~1s"}}
[debug] [2020-11-07T15:14:38.136Z] [worker-api-8b617d6f-db5c-437f-9ddd-8c29133ab525]: IDLE {"metadata":{"emulator":{"name":"functions"},"message":"[worker-api-8b617d6f-db5c-437f-9ddd-8c29133ab525]: IDLE"}}
[debug] [2020-11-07T15:14:38.137Z] [work-queue] {"queueLength":0,"workRunningCount":0}
[debug] [2020-11-07T15:14:39.891Z] [work-queue] {"queueLength":1,"workRunningCount":0}
[debug] [2020-11-07T15:14:39.891Z] [work-queue] {"queueLength":0,"workRunningCount":1}
[debug] [2020-11-07T15:14:39.891Z] Accepted request POST /clone-e5240/us-central1/api/payment/create?total=9994.999999999998 --> api
[debug] [2020-11-07T15:14:39.891Z] [worker-pool] submitWork(triggerId=api) {"metadata":{"emulator":{"name":"functions"},"message":"[worker-pool] submitWork(triggerId=api)"}}
[debug] [2020-11-07T15:14:39.891Z] [worker-api-8b617d6f-db5c-437f-9ddd-8c29133ab525]: Assigning socketPath: \\?\pipe\E:\Users\Projects\MERN\amazon-clone\functions\17524 {"metadata":{"emulator":{"name":"functions"},"message":"[worker-api-8b617d6f-db5c-437f-9ddd-8c29133ab525]: Assigning socketPath: \\\\?\\pipe\\E:\\Users\\Projects\\MERN\\amazon-clone\\functions\\17524"}}
[debug] [2020-11-07T15:14:39.892Z] [worker-api-8b617d6f-db5c-437f-9ddd-8c29133ab525]: BUSY {"metadata":{"emulator":{"name":"functions"},"message":"[worker-api-8b617d6f-db5c-437f-9ddd-8c29133ab525]: BUSY"}}
[debug] [2020-11-07T15:14:39.892Z] [runtime-status] [17524] Trigger "api" has been found, beginning invocation! {"metadata":{"emulator":{"name":"functions"},"function":{"name":"api"},"message":"[runtime-status] [17524] Trigger \"api\" has been found, beginning invocation!"}}
[info] i  functions: Beginning execution of "api" {"metadata":{"emulator":{"name":"functions"},"function":{"name":"api"},"message":"Beginning execution of \"api\""}}
[debug] [2020-11-07T15:14:39.895Z] [runtime-status] [17524] triggerDefinition {"httpsTrigger":{},"name":"api","entryPoint":"api"} {"metadata":{"emulator":{"name":"functions"},"function":{"name":"api"},"message":"[runtime-status] [17524] triggerDefinition {\"httpsTrigger\":{},\"name\":\"api\",\"entryPoint\":\"api\"}"}}
[debug] [2020-11-07T15:14:39.896Z] [runtime-status] [17524] Running api in mode HTTPS {"metadata":{"emulator":{"name":"functions"},"function":{"name":"api"},"message":"[runtime-status] [17524] Running api in mode HTTPS"}}
[debug] [2020-11-07T15:14:39.896Z] [runtime-status] [17524] Attempting to listen to socketPath: \\?\pipe\E:\Users\Projects\MERN\amazon-clone\functions\17524 {"metadata":{"emulator":{"name":"functions"},"function":{"name":"api"},"message":"[runtime-status] [17524] Attempting to listen to socketPath: \\\\?\\pipe\\E:\\Users\\Projects\\MERN\\amazon-clone\\functions\\17524"}}
[debug] [2020-11-07T15:14:39.898Z] [functions] Runtime ready! Sending request! {"metadata":{"emulator":{"name":"functions"},"message":"[functions] Runtime ready! Sending request!"}}
[debug] [2020-11-07T15:14:39.901Z] [runtime-status] [17524] Ephemeral server handling POST request {"metadata":{"emulator":{"name":"functions"},"function":{"name":"api"},"message":"[runtime-status] [17524] Ephemeral server handling POST request"}}
[debug] [2020-11-07T15:14:39.905Z] [runtime-status] [17524] Ephemeral server survived. {"metadata":{"emulator":{"name":"functions"},"function":{"name":"api"},"message":"[runtime-status] [17524] Ephemeral server survived."}}
[info] i  functions: Finished "api" in ~1s {"metadata":{"emulator":{"name":"functions"},"function":{"name":"api"},"message":"Finished \"api\" in ~1s"}}
[debug] [2020-11-07T15:14:39.940Z] [worker-api-8b617d6f-db5c-437f-9ddd-8c29133ab525]: IDLE {"metadata":{"emulator":{"name":"functions"},"message":"[worker-api-8b617d6f-db5c-437f-9ddd-8c29133ab525]: IDLE"}}
[debug] [2020-11-07T15:14:39.941Z] [work-queue] {"queueLength":0,"workRunningCount":0}
[debug] [2020-11-07T15:14:53.120Z] [work-queue] {"queueLength":1,"workRunningCount":0}
[debug] [2020-11-07T15:14:53.121Z] [work-queue] {"queueLength":0,"workRunningCount":1}
[debug] [2020-11-07T15:14:53.121Z] Accepted request POST /clone-e5240/us-central1/api/payment/create?total=9994.999999999998 --> api
[debug] [2020-11-07T15:14:53.121Z] [worker-pool] submitWork(triggerId=api) {"metadata":{"emulator":{"name":"functions"},"message":"[worker-pool] submitWork(triggerId=api)"}}
[debug] [2020-11-07T15:14:53.122Z] [worker-api-8b617d6f-db5c-437f-9ddd-8c29133ab525]: Assigning socketPath: \\?\pipe\E:\Users\Projects\MERN\amazon-clone\functions\17524 {"metadata":{"emulator":{"name":"functions"},"message":"[worker-api-8b617d6f-db5c-437f-9ddd-8c29133ab525]: Assigning socketPath: \\\\?\\pipe\\E:\\Users\\Projects\\MERN\\amazon-clone\\functions\\17524"}}
[debug] [2020-11-07T15:14:53.122Z] [worker-api-8b617d6f-db5c-437f-9ddd-8c29133ab525]: BUSY {"metadata":{"emulator":{"name":"functions"},"message":"[worker-api-8b617d6f-db5c-437f-9ddd-8c29133ab525]: BUSY"}}
[debug] [2020-11-07T15:14:53.124Z] [runtime-status] [17524] Trigger "api" has been found, beginning invocation! {"metadata":{"emulator":{"name":"functions"},"function":{"name":"api"},"message":"[runtime-status] [17524] Trigger \"api\" has been found, beginning invocation!"}}
[info] i  functions: Beginning execution of "api" {"metadata":{"emulator":{"name":"functions"},"function":{"name":"api"},"message":"Beginning execution of \"api\""}}
[debug] [2020-11-07T15:14:53.172Z] [runtime-status] [17524] triggerDefinition {"httpsTrigger":{},"name":"api","entryPoint":"api"} {"metadata":{"emulator":{"name":"functions"},"function":{"name":"api"},"message":"[runtime-status] [17524] triggerDefinition {\"httpsTrigger\":{},\"name\":\"api\",\"entryPoint\":\"api\"}"}}
[debug] [2020-11-07T15:14:53.173Z] [runtime-status] [17524] Running api in mode HTTPS {"metadata":{"emulator":{"name":"functions"},"function":{"name":"api"},"message":"[runtime-status] [17524] Running api in mode HTTPS"}}
[debug] [2020-11-07T15:14:53.174Z] [runtime-status] [17524] Attempting to listen to socketPath: \\?\pipe\E:\Users\Projects\MERN\amazon-clone\functions\17524 {"metadata":{"emulator":{"name":"functions"},"function":{"name":"api"},"message":"[runtime-status] [17524] Attempting to listen to socketPath: \\\\?\\pipe\\E:\\Users\\Projects\\MERN\\amazon-clone\\functions\\17524"}}
[debug] [2020-11-07T15:14:53.177Z] [functions] Runtime ready! Sending request! {"metadata":{"emulator":{"name":"functions"},"message":"[functions] Runtime ready! Sending request!"}}
[debug] [2020-11-07T15:14:53.182Z] [runtime-status] [17524] Ephemeral server handling POST request {"metadata":{"emulator":{"name":"functions"},"function":{"name":"api"},"message":"[runtime-status] [17524] Ephemeral server handling POST request"}}
[debug] [2020-11-07T15:14:53.186Z] [runtime-status] [17524] Ephemeral server survived. {"metadata":{"emulator":{"name":"functions"},"function":{"name":"api"},"message":"[runtime-status] [17524] Ephemeral server survived."}}
[info] i  functions: Finished "api" in ~1s {"metadata":{"emulator":{"name":"functions"},"function":{"name":"api"},"message":"Finished \"api\" in ~1s"}}
[debug] [2020-11-07T15:14:53.313Z] [worker-api-8b617d6f-db5c-437f-9ddd-8c29133ab525]: IDLE {"metadata":{"emulator":{"name":"functions"},"message":"[worker-api-8b617d6f-db5c-437f-9ddd-8c29133ab525]: IDLE"}}
[debug] [2020-11-07T15:14:53.314Z] [work-queue] {"queueLength":0,"workRunningCount":0}
[debug] [2020-11-07T15:15:07.586Z] [work-queue] {"queueLength":1,"workRunningCount":0}
[debug] [2020-11-07T15:15:07.587Z] [work-queue] {"queueLength":0,"workRunningCount":1}
[debug] [2020-11-07T15:15:07.587Z] Accepted request POST /clone-e5240/us-central1/api/payment/create?total=9994.999999999998 --> api
[debug] [2020-11-07T15:15:07.587Z] [worker-pool] submitWork(triggerId=api) {"metadata":{"emulator":{"name":"functions"},"message":"[worker-pool] submitWork(triggerId=api)"}}
[debug] [2020-11-07T15:15:07.587Z] [worker-api-8b617d6f-db5c-437f-9ddd-8c29133ab525]: Assigning socketPath: \\?\pipe\E:\Users\Projects\MERN\amazon-clone\functions\17524 {"metadata":{"emulator":{"name":"functions"},"message":"[worker-api-8b617d6f-db5c-437f-9ddd-8c29133ab525]: Assigning socketPath: \\\\?\\pipe\\E:\\Users\\Projects\\MERN\\amazon-clone\\functions\\17524"}}
[debug] [2020-11-07T15:15:07.588Z] [worker-api-8b617d6f-db5c-437f-9ddd-8c29133ab525]: BUSY {"metadata":{"emulator":{"name":"functions"},"message":"[worker-api-8b617d6f-db5c-437f-9ddd-8c29133ab525]: BUSY"}}
[debug] [2020-11-07T15:15:07.589Z] [runtime-status] [17524] Trigger "api" has been found, beginning invocation! {"metadata":{"emulator":{"name":"functions"},"function":{"name":"api"},"message":"[runtime-status] [17524] Trigger \"api\" has been found, beginning invocation!"}}
[info] i  functions: Beginning execution of "api" {"metadata":{"emulator":{"name":"functions"},"function":{"name":"api"},"message":"Beginning execution of \"api\""}}
[debug] [2020-11-07T15:15:07.597Z] [runtime-status] [17524] triggerDefinition {"httpsTrigger":{},"name":"api","entryPoint":"api"} {"metadata":{"emulator":{"name":"functions"},"function":{"name":"api"},"message":"[runtime-status] [17524] triggerDefinition {\"httpsTrigger\":{},\"name\":\"api\",\"entryPoint\":\"api\"}"}}
[debug] [2020-11-07T15:15:07.598Z] [runtime-status] [17524] Running api in mode HTTPS {"metadata":{"emulator":{"name":"functions"},"function":{"name":"api"},"message":"[runtime-status] [17524] Running api in mode HTTPS"}}
[debug] [2020-11-07T15:15:07.599Z] [runtime-status] [17524] Attempting to listen to socketPath: \\?\pipe\E:\Users\Projects\MERN\amazon-clone\functions\17524 {"metadata":{"emulator":{"name":"functions"},"function":{"name":"api"},"message":"[runtime-status] [17524] Attempting to listen to socketPath: \\\\?\\pipe\\E:\\Users\\Projects\\MERN\\amazon-clone\\functions\\17524"}}
[debug] [2020-11-07T15:15:07.602Z] [functions] Runtime ready! Sending request! {"metadata":{"emulator":{"name":"functions"},"message":"[functions] Runtime ready! Sending request!"}}
[debug] [2020-11-07T15:15:07.605Z] [runtime-status] [17524] Ephemeral server handling POST request {"metadata":{"emulator":{"name":"functions"},"function":{"name":"api"},"message":"[runtime-status] [17524] Ephemeral server handling POST request"}}
[debug] [2020-11-07T15:15:07.609Z] [runtime-status] [17524] Ephemeral server survived. {"metadata":{"emulator":{"name":"functions"},"function":{"name":"api"},"message":"[runtime-status] [17524] Ephemeral server survived."}}
[info] i  functions: Finished "api" in ~1s {"metadata":{"emulator":{"name":"functions"},"function":{"name":"api"},"message":"Finished \"api\" in ~1s"}}
[debug] [2020-11-07T15:15:07.653Z] [worker-api-8b617d6f-db5c-437f-9ddd-8c29133ab525]: IDLE {"metadata":{"emulator":{"name":"functions"},"message":"[worker-api-8b617d6f-db5c-437f-9ddd-8c29133ab525]: IDLE"}}
[debug] [2020-11-07T15:15:07.653Z] [work-queue] {"queueLength":0,"workRunningCount":0}
[debug] [2020-11-07T15:15:07.857Z] [work-queue] {"queueLength":1,"workRunningCount":0}
[debug] [2020-11-07T15:15:07.857Z] [work-queue] {"queueLength":0,"workRunningCount":1}
[debug] [2020-11-07T15:15:07.860Z] Accepted request POST /clone-e5240/us-central1/api/payment/create?total=9994.999999999998 --> api
[debug] [2020-11-07T15:15:07.861Z] [worker-pool] submitWork(triggerId=api) {"metadata":{"emulator":{"name":"functions"},"message":"[worker-pool] submitWork(triggerId=api)"}}
[debug] [2020-11-07T15:15:07.862Z] [worker-api-8b617d6f-db5c-437f-9ddd-8c29133ab525]: Assigning socketPath: \\?\pipe\E:\Users\Projects\MERN\amazon-clone\functions\17524 {"metadata":{"emulator":{"name":"functions"},"message":"[worker-api-8b617d6f-db5c-437f-9ddd-8c29133ab525]: Assigning socketPath: \\\\?\\pipe\\E:\\Users\\Projects\\MERN\\amazon-clone\\functions\\17524"}}
[debug] [2020-11-07T15:15:07.863Z] [worker-api-8b617d6f-db5c-437f-9ddd-8c29133ab525]: BUSY {"metadata":{"emulator":{"name":"functions"},"message":"[worker-api-8b617d6f-db5c-437f-9ddd-8c29133ab525]: BUSY"}}
[debug] [2020-11-07T15:15:07.864Z] [runtime-status] [17524] Trigger "api" has been found, beginning invocation! {"metadata":{"emulator":{"name":"functions"},"function":{"name":"api"},"message":"[runtime-status] [17524] Trigger \"api\" has been found, beginning invocation!"}}
[info] i  functions: Beginning execution of "api" {"metadata":{"emulator":{"name":"functions"},"function":{"name":"api"},"message":"Beginning execution of \"api\""}}
[debug] [2020-11-07T15:15:07.867Z] [runtime-status] [17524] triggerDefinition {"httpsTrigger":{},"name":"api","entryPoint":"api"} {"metadata":{"emulator":{"name":"functions"},"function":{"name":"api"},"message":"[runtime-status] [17524] triggerDefinition {\"httpsTrigger\":{},\"name\":\"api\",\"entryPoint\":\"api\"}"}}
[debug] [2020-11-07T15:15:07.868Z] [runtime-status] [17524] Running api in mode HTTPS {"metadata":{"emulator":{"name":"functions"},"function":{"name":"api"},"message":"[runtime-status] [17524] Running api in mode HTTPS"}}
[debug] [2020-11-07T15:15:07.869Z] [runtime-status] [17524] Attempting to listen to socketPath: \\?\pipe\E:\Users\Projects\MERN\amazon-clone\functions\17524 {"metadata":{"emulator":{"name":"functions"},"function":{"name":"api"},"message":"[runtime-status] [17524] Attempting to listen to socketPath: \\\\?\\pipe\\E:\\Users\\Projects\\MERN\\amazon-clone\\functions\\17524"}}
[debug] [2020-11-07T15:15:07.870Z] [functions] Runtime ready! Sending request! {"metadata":{"emulator":{"name":"functions"},"message":"[functions] Runtime ready! Sending request!"}}
[debug] [2020-11-07T15:15:07.873Z] [runtime-status] [17524] Ephemeral server handling POST request {"metadata":{"emulator":{"name":"functions"},"function":{"name":"api"},"message":"[runtime-status] [17524] Ephemeral server handling POST request"}}
[debug] [2020-11-07T15:15:07.877Z] [runtime-status] [17524] Ephemeral server survived. {"metadata":{"emulator":{"name":"functions"},"function":{"name":"api"},"message":"[runtime-status] [17524] Ephemeral server survived."}}
[info] i  functions: Finished "api" in ~1s {"metadata":{"emulator":{"name":"functions"},"function":{"name":"api"},"message":"Finished \"api\" in ~1s"}}
[debug] [2020-11-07T15:15:07.914Z] [worker-api-8b617d6f-db5c-437f-9ddd-8c29133ab525]: IDLE {"metadata":{"emulator":{"name":"functions"},"message":"[worker-api-8b617d6f-db5c-437f-9ddd-8c29133ab525]: IDLE"}}
[debug] [2020-11-07T15:15:07.914Z] [work-queue] {"queueLength":0,"workRunningCount":0}
[debug] [2020-11-07T15:18:29.515Z] [work-queue] {"queueLength":1,"workRunningCount":0}
[debug] [2020-11-07T15:18:29.515Z] [work-queue] {"queueLength":0,"workRunningCount":1}
[debug] [2020-11-07T15:18:29.516Z] Accepted request POST /clone-e5240/us-central1/api/payment/create?total=0 --> api
[debug] [2020-11-07T15:18:29.516Z] [worker-pool] submitWork(triggerId=api) {"metadata":{"emulator":{"name":"functions"},"message":"[worker-pool] submitWork(triggerId=api)"}}
[debug] [2020-11-07T15:18:29.517Z] [worker-api-8b617d6f-db5c-437f-9ddd-8c29133ab525]: Assigning socketPath: \\?\pipe\E:\Users\Projects\MERN\amazon-clone\functions\17524 {"metadata":{"emulator":{"name":"functions"},"message":"[worker-api-8b617d6f-db5c-437f-9ddd-8c29133ab525]: Assigning socketPath: \\\\?\\pipe\\E:\\Users\\Projects\\MERN\\amazon-clone\\functions\\17524"}}
[debug] [2020-11-07T15:18:29.517Z] [worker-api-8b617d6f-db5c-437f-9ddd-8c29133ab525]: BUSY {"metadata":{"emulator":{"name":"functions"},"message":"[worker-api-8b617d6f-db5c-437f-9ddd-8c29133ab525]: BUSY"}}
[debug] [2020-11-07T15:18:29.519Z] [runtime-status] [17524] Trigger "api" has been found, beginning invocation! {"metadata":{"emulator":{"name":"functions"},"function":{"name":"api"},"message":"[runtime-status] [17524] Trigger \"api\" has been found, beginning invocation!"}}
[info] i  functions: Beginning execution of "api" {"metadata":{"emulator":{"name":"functions"},"function":{"name":"api"},"message":"Beginning execution of \"api\""}}
[debug] [2020-11-07T15:18:29.523Z] [runtime-status] [17524] triggerDefinition {"httpsTrigger":{},"name":"api","entryPoint":"api"} {"metadata":{"emulator":{"name":"functions"},"function":{"name":"api"},"message":"[runtime-status] [17524] triggerDefinition {\"httpsTrigger\":{},\"name\":\"api\",\"entryPoint\":\"api\"}"}}
[debug] [2020-11-07T15:18:29.523Z] [runtime-status] [17524] Running api in mode HTTPS {"metadata":{"emulator":{"name":"functions"},"function":{"name":"api"},"message":"[runtime-status] [17524] Running api in mode HTTPS"}}
[debug] [2020-11-07T15:18:29.524Z] [runtime-status] [17524] Attempting to listen to socketPath: \\?\pipe\E:\Users\Projects\MERN\amazon-clone\functions\17524 {"metadata":{"emulator":{"name":"functions"},"function":{"name":"api"},"message":"[runtime-status] [17524] Attempting to listen to socketPath: \\\\?\\pipe\\E:\\Users\\Projects\\MERN\\amazon-clone\\functions\\17524"}}
[debug] [2020-11-07T15:18:29.526Z] [functions] Runtime ready! Sending request! {"metadata":{"emulator":{"name":"functions"},"message":"[functions] Runtime ready! Sending request!"}}
[debug] [2020-11-07T15:18:29.529Z] [runtime-status] [17524] Ephemeral server handling POST request {"metadata":{"emulator":{"name":"functions"},"function":{"name":"api"},"message":"[runtime-status] [17524] Ephemeral server handling POST request"}}
[debug] [2020-11-07T15:18:29.532Z] [runtime-status] [17524] Ephemeral server survived. {"metadata":{"emulator":{"name":"functions"},"function":{"name":"api"},"message":"[runtime-status] [17524] Ephemeral server survived."}}
[info] i  functions: Finished "api" in ~1s {"metadata":{"emulator":{"name":"functions"},"function":{"name":"api"},"message":"Finished \"api\" in ~1s"}}
[debug] [2020-11-07T15:18:29.566Z] [worker-api-8b617d6f-db5c-437f-9ddd-8c29133ab525]: IDLE {"metadata":{"emulator":{"name":"functions"},"message":"[worker-api-8b617d6f-db5c-437f-9ddd-8c29133ab525]: IDLE"}}
[debug] [2020-11-07T15:18:29.568Z] [work-queue] {"queueLength":0,"workRunningCount":0}
[debug] [2020-11-07T15:35:53.491Z] [work-queue] {"queueLength":1,"workRunningCount":0}
[debug] [2020-11-07T15:35:53.491Z] [work-queue] {"queueLength":0,"workRunningCount":1}
[debug] [2020-11-07T15:35:53.491Z] Accepted request POST /clone-e5240/us-central1/api/payment/create?total=0 --> api
[debug] [2020-11-07T15:35:53.492Z] [worker-pool] submitWork(triggerId=api) {"metadata":{"emulator":{"name":"functions"},"message":"[worker-pool] submitWork(triggerId=api)"}}
[debug] [2020-11-07T15:35:53.492Z] [worker-api-8b617d6f-db5c-437f-9ddd-8c29133ab525]: Assigning socketPath: \\?\pipe\E:\Users\Projects\MERN\amazon-clone\functions\17524 {"metadata":{"emulator":{"name":"functions"},"message":"[worker-api-8b617d6f-db5c-437f-9ddd-8c29133ab525]: Assigning socketPath: \\\\?\\pipe\\E:\\Users\\Projects\\MERN\\amazon-clone\\functions\\17524"}}
[debug] [2020-11-07T15:35:53.493Z] [worker-api-8b617d6f-db5c-437f-9ddd-8c29133ab525]: BUSY {"metadata":{"emulator":{"name":"functions"},"message":"[worker-api-8b617d6f-db5c-437f-9ddd-8c29133ab525]: BUSY"}}
[debug] [2020-11-07T15:35:53.495Z] [runtime-status] [17524] Trigger "api" has been found, beginning invocation! {"metadata":{"emulator":{"name":"functions"},"function":{"name":"api"},"message":"[runtime-status] [17524] Trigger \"api\" has been found, beginning invocation!"}}
[info] i  functions: Beginning execution of "api" {"metadata":{"emulator":{"name":"functions"},"function":{"name":"api"},"message":"Beginning execution of \"api\""}}
[debug] [2020-11-07T15:35:53.499Z] [runtime-status] [17524] triggerDefinition {"httpsTrigger":{},"name":"api","entryPoint":"api"} {"metadata":{"emulator":{"name":"functions"},"function":{"name":"api"},"message":"[runtime-status] [17524] triggerDefinition {\"httpsTrigger\":{},\"name\":\"api\",\"entryPoint\":\"api\"}"}}
[debug] [2020-11-07T15:35:53.499Z] [runtime-status] [17524] Running api in mode HTTPS {"metadata":{"emulator":{"name":"functions"},"function":{"name":"api"},"message":"[runtime-status] [17524] Running api in mode HTTPS"}}
[debug] [2020-11-07T15:35:53.500Z] [runtime-status] [17524] Attempting to listen to socketPath: \\?\pipe\E:\Users\Projects\MERN\amazon-clone\functions\17524 {"metadata":{"emulator":{"name":"functions"},"function":{"name":"api"},"message":"[runtime-status] [17524] Attempting to listen to socketPath: \\\\?\\pipe\\E:\\Users\\Projects\\MERN\\amazon-clone\\functions\\17524"}}
[debug] [2020-11-07T15:35:53.502Z] [functions] Runtime ready! Sending request! {"metadata":{"emulator":{"name":"functions"},"message":"[functions] Runtime ready! Sending request!"}}
[debug] [2020-11-07T15:35:53.504Z] [runtime-status] [17524] Ephemeral server handling POST request {"metadata":{"emulator":{"name":"functions"},"function":{"name":"api"},"message":"[runtime-status] [17524] Ephemeral server handling POST request"}}
[debug] [2020-11-07T15:35:53.507Z] [runtime-status] [17524] Ephemeral server survived. {"metadata":{"emulator":{"name":"functions"},"function":{"name":"api"},"message":"[runtime-status] [17524] Ephemeral server survived."}}
[info] i  functions: Finished "api" in ~1s {"metadata":{"emulator":{"name":"functions"},"function":{"name":"api"},"message":"Finished \"api\" in ~1s"}}
[debug] [2020-11-07T15:35:53.570Z] [worker-api-8b617d6f-db5c-437f-9ddd-8c29133ab525]: IDLE {"metadata":{"emulator":{"name":"functions"},"message":"[worker-api-8b617d6f-db5c-437f-9ddd-8c29133ab525]: IDLE"}}
[debug] [2020-11-07T15:35:53.570Z] [work-queue] {"queueLength":0,"workRunningCount":0}
[debug] [2020-11-07T15:40:38.618Z] [work-queue] {"queueLength":1,"workRunningCount":0}
[debug] [2020-11-07T15:40:38.619Z] [work-queue] {"queueLength":0,"workRunningCount":1}
[debug] [2020-11-07T15:40:38.620Z] Accepted request POST /clone-e5240/us-central1/api/payment/create?total=0 --> api
[debug] [2020-11-07T15:40:38.620Z] [worker-pool] submitWork(triggerId=api) {"metadata":{"emulator":{"name":"functions"},"message":"[worker-pool] submitWork(triggerId=api)"}}
[debug] [2020-11-07T15:40:38.621Z] [worker-api-8b617d6f-db5c-437f-9ddd-8c29133ab525]: Assigning socketPath: \\?\pipe\E:\Users\Projects\MERN\amazon-clone\functions\17524 {"metadata":{"emulator":{"name":"functions"},"message":"[worker-api-8b617d6f-db5c-437f-9ddd-8c29133ab525]: Assigning socketPath: \\\\?\\pipe\\E:\\Users\\Projects\\MERN\\amazon-clone\\functions\\17524"}}
[debug] [2020-11-07T15:40:38.621Z] [worker-api-8b617d6f-db5c-437f-9ddd-8c29133ab525]: BUSY {"metadata":{"emulator":{"name":"functions"},"message":"[worker-api-8b617d6f-db5c-437f-9ddd-8c29133ab525]: BUSY"}}
[debug] [2020-11-07T15:40:38.624Z] [runtime-status] [17524] Trigger "api" has been found, beginning invocation! {"metadata":{"emulator":{"name":"functions"},"function":{"name":"api"},"message":"[runtime-status] [17524] Trigger \"api\" has been found, beginning invocation!"}}
[info] i  functions: Beginning execution of "api" {"metadata":{"emulator":{"name":"functions"},"function":{"name":"api"},"message":"Beginning execution of \"api\""}}
[debug] [2020-11-07T15:40:38.630Z] [runtime-status] [17524] triggerDefinition {"httpsTrigger":{},"name":"api","entryPoint":"api"} {"metadata":{"emulator":{"name":"functions"},"function":{"name":"api"},"message":"[runtime-status] [17524] triggerDefinition {\"httpsTrigger\":{},\"name\":\"api\",\"entryPoint\":\"api\"}"}}
[debug] [2020-11-07T15:40:38.631Z] [runtime-status] [17524] Running api in mode HTTPS {"metadata":{"emulator":{"name":"functions"},"function":{"name":"api"},"message":"[runtime-status] [17524] Running api in mode HTTPS"}}
[debug] [2020-11-07T15:40:38.632Z] [runtime-status] [17524] Attempting to listen to socketPath: \\?\pipe\E:\Users\Projects\MERN\amazon-clone\functions\17524 {"metadata":{"emulator":{"name":"functions"},"function":{"name":"api"},"message":"[runtime-status] [17524] Attempting to listen to socketPath: \\\\?\\pipe\\E:\\Users\\Projects\\MERN\\amazon-clone\\functions\\17524"}}
[debug] [2020-11-07T15:40:38.634Z] [functions] Runtime ready! Sending request! {"metadata":{"emulator":{"name":"functions"},"message":"[functions] Runtime ready! Sending request!"}}
[debug] [2020-11-07T15:40:38.637Z] [runtime-status] [17524] Ephemeral server handling POST request {"metadata":{"emulator":{"name":"functions"},"function":{"name":"api"},"message":"[runtime-status] [17524] Ephemeral server handling POST request"}}
[debug] [2020-11-07T15:40:38.641Z] [runtime-status] [17524] Ephemeral server survived. {"metadata":{"emulator":{"name":"functions"},"function":{"name":"api"},"message":"[runtime-status] [17524] Ephemeral server survived."}}
[info] i  functions: Finished "api" in ~1s {"metadata":{"emulator":{"name":"functions"},"function":{"name":"api"},"message":"Finished \"api\" in ~1s"}}
[debug] [2020-11-07T15:40:38.710Z] [worker-api-8b617d6f-db5c-437f-9ddd-8c29133ab525]: IDLE {"metadata":{"emulator":{"name":"functions"},"message":"[worker-api-8b617d6f-db5c-437f-9ddd-8c29133ab525]: IDLE"}}
[debug] [2020-11-07T15:40:38.712Z] [work-queue] {"queueLength":0,"workRunningCount":0}
